URL Error: https://tv.nrk.no/program/MSPO33700122
URL Error: https://tv.nrk.no/program/MSUI30006115
URL Error: https://tv.nrk.no/program/MSUI30006215
URL Error: https://tv.nrk.no/program/MSUI30006315
URL Error: https://tv.nrk.no/program/MSUI30006415
URL Error: https://tv.nrk.no/program/MSUI30006515
URL Error: https://tv.nrk.no/program/MSUI30006615
URL Error: https://tv.nrk.no/program/MSUI30006715
URL Error: https://tv.nrk.no/program/MSUI30006815
URL Error: https://tv.nrk.no/program/MSUI30006915
URL Error: https://tv.nrk.no/program/MSUI30007015
URL Error: https://tv.nrk.no/program/MSUI30007115
URL Error: https://tv.nrk.no/program/MSUI30007215
URL Error: https://tv.nrk.no/program/MSUI30007315
URL Error: https://tv.nrk.no/program/KOID34002419
URL Error: https://tv.nrk.no/program/KOID34002319
URL Error: https://tv.nrk.no/program/KOID34002119
URL Error: https://tv.nrk.no/program/KOID34002019
URL Error: https://tv.nrk.no/program/KOID34001919
URL Error: https://tv.nrk.no/program/KOID34001819
URL Error: https://tv.nrk.no/program/KOID34001719
URL Error: https://tv.nrk.no/program/KOID34001619
URL Error: https://tv.nrk.no/program/KOID34001519
URL Error: https://tv.nrk.no/program/MSUI13000117
URL Error: https://tv.nrk.no/program/MSUI13000217
URL Error: https://tv.nrk.no/program/MSUI13000317
URL Error: https://tv.nrk.no/program/MSUI13000417
URL Error: https://tv.nrk.no/program/MSUI13000517
URL Error: https://tv.nrk.no/program/MSUI13000617
URL Error: https://tv.nrk.no/program/MSUI13000717
URL Error: https://tv.nrk.no/program/MSUI13000817
URL Error: https://tv.nrk.no/program/MSUI13000917
URL Error: https://tv.nrk.no/program/MSUI13001017
URL Error: https://tv.nrk.no/program/MSUI13001117
URL Error: https://tv.nrk.no/program/MSUI13001217
URL Error: https://tv.nrk.no/program/MSUI13001317
URL Error: https://tv.nrk.no/program/MSUI13001417
URL Error: https://tv.nrk.no/program/MSUI13001517
URL Error: https://tv.nrk.no/program/MSUI13001617
URL Error: https://tv.nrk.no/program/MSUI13001717
URL Error: https://tv.nrk.no/program/MSUI13001817
URL Error: https://tv.nrk.no/program/MSUI13001917
URL Error: https://tv.nrk.no/program/MSUI13002017
URL Error: https://tv.nrk.no/program/MSUI13002117
URL Error: https://tv.nrk.no/program/MSUI13002217
URL Error: https://tv.nrk.no/program/MSUI13002317
URL Error: https://tv.nrk.no/program/MSUI13002417
URL Error: https://tv.nrk.no/program/MSUI13002517
URL Error: https://tv.nrk.no/program/MSUI13002617
URL Error: https://tv.nrk.no/program/MSUI13002717
URL Error: https://tv.nrk.no/program/MSUI13002817
URL Error: https://tv.nrk.no/program/MSUI13002917
URL Error: https://tv.nrk.no/program/MSUI13003017
URL Error: https://tv.nrk.no/program/MSUI13003117
URL Error: https://tv.nrk.no/program/MSUI13003217
URL Error: https://tv.nrk.no/program/MSUI13003317
URL Error: https://tv.nrk.no/program/MSUI13003417
URL Error: https://tv.nrk.no/program/MSUI13003517
URL Error: https://tv.nrk.no/program/MSUI13003617
URL Error: https://tv.nrk.no/program/MSUI13003717
URL Error: https://tv.nrk.no/program/MSUI13003817
URL Error: https://tv.nrk.no/program/MSUI13003917
URL Error: https://tv.nrk.no/program/MSUI13004017
URL Error: https://tv.nrk.no/program/MSUI13004117
URL Error: https://tv.nrk.no/program/MSUI13004217
URL Error: https://tv.nrk.no/program/MSUI13004317
URL Error: https://tv.nrk.no/program/MSUI13004417
URL Error: https://tv.nrk.no/program/MSUI13004517
URL Error: https://tv.nrk.no/program/MSUI13004617
URL Error: https://tv.nrk.no/program/MSUI13004717
URL Error: https://tv.nrk.no/program/MSUI13004817
URL Error: https://tv.nrk.no/program/MSUI13004917
URL Error: https://tv.nrk.no/program/MSUI13005017
URL Error: https://tv.nrk.no/program/MSUI13005117
URL Error: https://tv.nrk.no/program/MSUI13005217
URL Error: https://tv.nrk.no/program/FUHA61001261
URL Error: https://tv.nrk.no/program/FØST70001093
URL Error: https://tv.nrk.no/program/MSUI41004119
URL Error: https://tv.nrk.no/program/MSUI42006021
URL Error: https://tv.nrk.no/program/KOIF10008116
URL Error: https://tv.nrk.no/program/KOIF10008216
URL Error: https://tv.nrk.no/program/KOIF10008316
URL Error: https://tv.nrk.no/program/KOIF10008416
URL Error: https://tv.nrk.no/program/KOIF10008516
URL Error: https://tv.nrk.no/program/KOIF10008616
URL Error: https://tv.nrk.no/program/KOIF10008716
URL Error: https://tv.nrk.no/program/KOIF10008816
URL Error: https://tv.nrk.no/program/KOIF10009116
URL Error: https://tv.nrk.no/program/KOIF10009216
URL Error: https://tv.nrk.no/program/KOIF10009316
URL Error: https://tv.nrk.no/program/KOIF10009416
URL Error: https://tv.nrk.no/program/KOIF10009516
URL Error: https://tv.nrk.no/program/KOIF10009616
URL Error: https://tv.nrk.no/program/KOIF10009716
URL Error: https://tv.nrk.no/program/KOIF10009816
URL Error: https://tv.nrk.no/program/KOIF20000918
URL Error: https://tv.nrk.no/program/KOIF20001018
URL Error: https://tv.nrk.no/program/KOIF20001118
URL Error: https://tv.nrk.no/program/KOIF20001218
URL Error: https://tv.nrk.no/program/KOIF21004119
URL Error: https://tv.nrk.no/program/KOIF21004219
URL Error: https://tv.nrk.no/program/KOIF21004319
URL Error: https://tv.nrk.no/program/KOIF21004419
URL Error: https://tv.nrk.no/program/MSUS50001809
URL Error: https://tv.nrk.no/program/MSUS50001909
URL Error: https://tv.nrk.no/program/MSUS50002009
URL Error: https://tv.nrk.no/program/MSUS50002109
URL Error: https://tv.nrk.no/program/MSUS50002209
URL Error: https://tv.nrk.no/program/MSUS50002309
URL Error: https://tv.nrk.no/program/MSUS50002409
URL Error: https://tv.nrk.no/program/MSUS01000210
URL Error: https://tv.nrk.no/program/MSUS01000310
URL Error: https://tv.nrk.no/program/MSUS01000410
URL Error: https://tv.nrk.no/program/MSUS01000510
URL Error: https://tv.nrk.no/program/MSUS01000610
URL Error: https://tv.nrk.no/program/MSUS01000710
URL Error: https://tv.nrk.no/program/MSUS01000810
URL Error: https://tv.nrk.no/program/MSUS01000910
URL Error: https://tv.nrk.no/program/MSUS01001010
URL Error: https://tv.nrk.no/program/MSUS01001110
URL Error: https://tv.nrk.no/program/MSUS01001210
URL Error: https://tv.nrk.no/program/MSUS01001310
URL Error: https://tv.nrk.no/program/MSUS01001410
URL Error: https://tv.nrk.no/program/MSUS01001510
URL Error: https://tv.nrk.no/program/MSUS01001610
URL Error: https://tv.nrk.no/program/MSUS01001810
URL Error: https://tv.nrk.no/program/MSUS01001710
URL Error: https://tv.nrk.no/program/MSUS01001910
URL Error: https://tv.nrk.no/program/MSUS01002010
URL Error: https://tv.nrk.no/program/MSUS01002110
URL Error: https://tv.nrk.no/program/MSUS01002210
URL Error: https://tv.nrk.no/program/MSUS01002310
URL Error: https://tv.nrk.no/program/MSUS01002410
URL Error: https://tv.nrk.no/program/MSUS01002510
URL Error: https://tv.nrk.no/program/MSUS01002610
URL Error: https://tv.nrk.no/program/MSUS01003210
URL Error: https://tv.nrk.no/program/MSUS01003310
URL Error: https://tv.nrk.no/program/MSUS01003410
URL Error: https://tv.nrk.no/program/MSUS01003510
URL Error: https://tv.nrk.no/program/MSUS01003610
URL Error: https://tv.nrk.no/program/MSUS01003710
URL Error: https://tv.nrk.no/program/MSUS01003810
URL Error: https://tv.nrk.no/program/MSUS01003910
URL Error: https://tv.nrk.no/program/MSUS01004010
URL Error: https://tv.nrk.no/program/MSUS01004110
URL Error: https://tv.nrk.no/program/MSUS01004210
URL Error: https://tv.nrk.no/program/MSUS01004310
URL Error: https://tv.nrk.no/program/MSUS01004410
URL Error: https://tv.nrk.no/program/MSUS01004510
URL Error: https://tv.nrk.no/program/MSUS01004610
URL Error: https://tv.nrk.no/program/MSUS01010110
URL Error: https://tv.nrk.no/program/OBUS05502007
URL Error: https://tv.nrk.no/program/MSUS52113021
URL Error: https://tv.nrk.no/program/MSUS52112921
URL Error: https://tv.nrk.no/program/MSUS52112821
URL Error: https://tv.nrk.no/program/MSUS52112721
URL Error: https://tv.nrk.no/program/MSUS52112621
URL Error: https://tv.nrk.no/program/MSUS52112521
URL Error: https://tv.nrk.no/program/MSUS52112421
URL Error: https://tv.nrk.no/program/MSUS52112321
URL Error: https://tv.nrk.no/program/MSUS52112221
URL Error: https://tv.nrk.no/program/MSUS52112121
URL Error: https://tv.nrk.no/program/MSUI23000117
URL Error: https://tv.nrk.no/program/MSUI23000217
URL Error: https://tv.nrk.no/program/MSUI23000317
URL Error: https://tv.nrk.no/program/MSUI23000417
URL Error: https://tv.nrk.no/program/MSUI23000517
URL Error: https://tv.nrk.no/program/MSUI23000617
URL Error: https://tv.nrk.no/program/MSUI23000717
URL Error: https://tv.nrk.no/program/MSUI23000817
URL Error: https://tv.nrk.no/program/MSUI23000917
URL Error: https://tv.nrk.no/program/MSUI23001017
URL Error: https://tv.nrk.no/program/MSUI23001117
URL Error: https://tv.nrk.no/program/MSUI23001217
URL Error: https://tv.nrk.no/program/MSUI23001317
URL Error: https://tv.nrk.no/program/MSUI23001417
URL Error: https://tv.nrk.no/program/MSUI23001517
URL Error: https://tv.nrk.no/program/MSUI23001617
URL Error: https://tv.nrk.no/program/MSUI23001717
URL Error: https://tv.nrk.no/program/MSUI23001817
URL Error: https://tv.nrk.no/program/MSUI23001917
URL Error: https://tv.nrk.no/program/MSUI23002017
URL Error: https://tv.nrk.no/program/MSUI23002117
URL Error: https://tv.nrk.no/program/MSUI23002217
URL Error: https://tv.nrk.no/program/MSUI20000119
URL Error: https://tv.nrk.no/program/MSUI20000219
URL Error: https://tv.nrk.no/program/MSUI20000319
URL Error: https://tv.nrk.no/program/MSUI20000419
URL Error: https://tv.nrk.no/program/MSUI20000519
URL Error: https://tv.nrk.no/program/MSUI20000619
URL Error: https://tv.nrk.no/program/MSUI20000719
URL Error: https://tv.nrk.no/program/MSUI20000819
URL Error: https://tv.nrk.no/program/MSUI20000919
URL Error: https://tv.nrk.no/program/MSUI20001019
URL Error: https://tv.nrk.no/program/MSUI20001119
URL Error: https://tv.nrk.no/program/MSUI20001219
URL Error: https://tv.nrk.no/program/MSUI20001319
URL Error: https://tv.nrk.no/program/MSUI20001419
URL Error: https://tv.nrk.no/program/MSUI20001519
URL Error: https://tv.nrk.no/program/MSUI20001619
URL Error: https://tv.nrk.no/program/MSUI20001719
URL Error: https://tv.nrk.no/program/MSUI20001819
URL Error: https://tv.nrk.no/program/MSUI20001919
URL Error: https://tv.nrk.no/program/MSUI20002019
URL Error: https://tv.nrk.no/program/MSUI40008119
URL Error: https://tv.nrk.no/program/MSUI40008219
URL Error: https://tv.nrk.no/program/MSUI40008319
URL Error: https://tv.nrk.no/program/MSUI40008419
URL Error: https://tv.nrk.no/program/MSUI40008519
URL Error: https://tv.nrk.no/program/MSUI40008619
URL Error: https://tv.nrk.no/program/MSUI40008719
URL Error: https://tv.nrk.no/program/MSUI40008819
URL Error: https://tv.nrk.no/program/MSUI40008919
URL Error: https://tv.nrk.no/program/MSUI40009019
URL Error: https://tv.nrk.no/program/MSUI40009119
URL Error: https://tv.nrk.no/program/MSUI40009219
URL Error: https://tv.nrk.no/program/MKDS57000114
URL Error: https://tv.nrk.no/program/MKDS57000214
URL Error: https://tv.nrk.no/program/MKDS57000314
URL Error: https://tv.nrk.no/program/MKDS57000414
URL Error: https://tv.nrk.no/program/MKDS57000514
URL Error: https://tv.nrk.no/program/MKDS57000614
URL Error: https://tv.nrk.no/program/MKDS57000714
URL Error: https://tv.nrk.no/program/MKDS57000814
URL Error: https://tv.nrk.no/program/MKDS57000914
URL Error: https://tv.nrk.no/program/MKDS57001014
URL Error: https://tv.nrk.no/program/KKDS10004716
URL Error: https://tv.nrk.no/program/KKDS10004816
URL Error: https://tv.nrk.no/program/KKDS10004916
URL Error: https://tv.nrk.no/program/KKDS10005016
URL Error: https://tv.nrk.no/program/KKDS10005116
URL Error: https://tv.nrk.no/program/KKDS10005216
URL Error: https://tv.nrk.no/program/KKDS10005316
URL Error: https://tv.nrk.no/program/KKDS10005416
URL Error: https://tv.nrk.no/program/KKDS10005516
URL Error: https://tv.nrk.no/program/KKDS10005616
URL Error: https://tv.nrk.no/program/KOIF22003720
URL Error: https://tv.nrk.no/program/KOIF22003820
URL Error: https://tv.nrk.no/program/KOIF22003920
URL Error: https://tv.nrk.no/program/KOIF22004020
URL Error: https://tv.nrk.no/program/KOIF22004120
URL Error: https://tv.nrk.no/program/KOIF22004220
URL Error: https://tv.nrk.no/program/KOID36008518
URL Error: https://tv.nrk.no/program/KOID36008618
URL Error: https://tv.nrk.no/program/OBUI55000106
URL Error: https://tv.nrk.no/program/OBUI55000206
URL Error: https://tv.nrk.no/program/OBUI55000306
URL Error: https://tv.nrk.no/program/OBUI55000406
URL Error: https://tv.nrk.no/program/OBUI55000506
URL Error: https://tv.nrk.no/program/OBUI55000606
URL Error: https://tv.nrk.no/program/OBUI55000706
URL Error: https://tv.nrk.no/program/OBUI55000806
URL Error: https://tv.nrk.no/program/OBUI55000906
URL Error: https://tv.nrk.no/program/OBUI55001006
URL Error: https://tv.nrk.no/program/OBUI55001106
URL Error: https://tv.nrk.no/program/OBUI55001206
URL Error: https://tv.nrk.no/program/OBUI55001306
URL Error: https://tv.nrk.no/program/OBUI55001406
URL Error: https://tv.nrk.no/program/OBUI55001806
URL Error: https://tv.nrk.no/program/OBUI55001906
URL Error: https://tv.nrk.no/program/OBUI55002006
URL Error: https://tv.nrk.no/program/OBUI55002106
URL Error: https://tv.nrk.no/program/OBUI55002206
URL Error: https://tv.nrk.no/program/OBUI55001506
URL Error: https://tv.nrk.no/program/OBUI55001606
URL Error: https://tv.nrk.no/program/OBUI55001706
URL Error: https://tv.nrk.no/program/OBUI55002306
URL Error: https://tv.nrk.no/program/OBUI55002406
URL Error: https://tv.nrk.no/program/OBUI55002506
URL Error: https://tv.nrk.no/program/OBUI55002606
URL Error: https://tv.nrk.no/program/OBUI55002508
URL Error: https://tv.nrk.no/program/MSUI21000116
URL Error: https://tv.nrk.no/program/MSUI21000216
URL Error: https://tv.nrk.no/program/MSUI21000316
URL Error: https://tv.nrk.no/program/MSUI21000416
URL Error: https://tv.nrk.no/program/MSUI21000516
URL Error: https://tv.nrk.no/program/MSUI21000616
URL Error: https://tv.nrk.no/program/MSUI21000716
URL Error: https://tv.nrk.no/program/MSUI21000816
URL Error: https://tv.nrk.no/program/MSUI21000916
URL Error: https://tv.nrk.no/program/MSUI21001016
URL Error: https://tv.nrk.no/program/MSUI21001116
URL Error: https://tv.nrk.no/program/MSUI21001216
URL Error: https://tv.nrk.no/program/MSUI21001316
URL Error: https://tv.nrk.no/program/MSUI21001416
URL Error: https://tv.nrk.no/program/MSUI21001516
URL Error: https://tv.nrk.no/program/MSUI21001616
URL Error: https://tv.nrk.no/program/MSUI21001716
URL Error: https://tv.nrk.no/program/MSUI21001816
URL Error: https://tv.nrk.no/program/MSUI21001916
URL Error: https://tv.nrk.no/program/MSUI21002016
URL Error: https://tv.nrk.no/program/MSUI21002116
URL Error: https://tv.nrk.no/program/MSUI21002216
URL Error: https://tv.nrk.no/program/MSUI21002316
URL Error: https://tv.nrk.no/program/MSUI21002416
URL Error: https://tv.nrk.no/program/MSUI21002516
URL Error: https://tv.nrk.no/program/MSUI21002616
URL Error: https://tv.nrk.no/program/MSUI21002716
URL Error: https://tv.nrk.no/program/MSUI21003816
URL Error: https://tv.nrk.no/program/MSUI21003916
URL Error: https://tv.nrk.no/program/MSUI21004016
URL Error: https://tv.nrk.no/program/MSUI21004116
URL Error: https://tv.nrk.no/program/MSUI21004216
URL Error: https://tv.nrk.no/program/MSUI21004316
URL Error: https://tv.nrk.no/program/MSUI21004416
URL Error: https://tv.nrk.no/program/MSUI21004516
URL Error: https://tv.nrk.no/program/MSUI21004616
URL Error: https://tv.nrk.no/program/MSUI21004716
URL Error: https://tv.nrk.no/program/MSUI21004816
URL Error: https://tv.nrk.no/program/MSUI21004916
URL Error: https://tv.nrk.no/program/MSUI21005016
URL Error: https://tv.nrk.no/program/MSUI21005116
URL Error: https://tv.nrk.no/program/MSUI21005216
URL Error: https://tv.nrk.no/program/KOID20005019
URL Error: https://tv.nrk.no/program/KOID20005119
URL Error: https://tv.nrk.no/program/KOID20005219
URL Error: https://tv.nrk.no/program/KOID20005319
URL Error: https://tv.nrk.no/program/KOID20005419
URL Error: https://tv.nrk.no/program/KOID20005519
URL Error: https://tv.nrk.no/program/KOID20005619
URL Error: https://tv.nrk.no/program/SAPR68001510
URL Error: https://tv.nrk.no/program/SAPR68001610
URL Error: https://tv.nrk.no/program/SAPR68001710
URL Error: https://tv.nrk.no/program/SAPR68001810
URL Error: https://tv.nrk.no/program/SAPR68001910
URL Error: https://tv.nrk.no/program/SAPR68002010
URL Error: https://tv.nrk.no/program/SAPR68002110
URL Error: https://tv.nrk.no/program/SAPR68002210
URL Error: https://tv.nrk.no/program/SAPR68002310
URL Error: https://tv.nrk.no/program/SAPR68002410
URL Error: https://tv.nrk.no/program/SAPR68002510
URL Error: https://tv.nrk.no/program/SAPR68002610
URL Error: https://tv.nrk.no/program/SAPR68002710
URL Error: https://tv.nrk.no/program/MSUB04004314
URL Error: https://tv.nrk.no/program/MSUB04003615
URL Error: https://tv.nrk.no/program/MSUB04001718
URL Error: https://tv.nrk.no/program/KOIF75000518
URL Error: https://tv.nrk.no/program/MSUI12003017
URL Error: https://tv.nrk.no/program/MSUI12004217
URL Error: https://tv.nrk.no/program/MSUI12005117
URL Error: https://tv.nrk.no/program/MSUI12005217
URL Error: https://tv.nrk.no/program/KOIF25002318
URL Error: https://tv.nrk.no/program/KOIF25002418
URL Error: https://tv.nrk.no/program/KOIF25002518
URL Error: https://tv.nrk.no/program/KOIF25002618
URL Error: https://tv.nrk.no/program/KOIF25002718
URL Error: https://tv.nrk.no/program/KOIF25002818
URL Error: https://tv.nrk.no/program/FBUA52001488
URL Error: https://tv.nrk.no/program/OBUI57008103
URL Error: https://tv.nrk.no/program/OBUI57008203
URL Error: https://tv.nrk.no/program/OBUI57008303
URL Error: https://tv.nrk.no/program/OBUI57008403
URL Error: https://tv.nrk.no/program/OBUI57008503
URL Error: https://tv.nrk.no/program/OBUI57008603
URL Error: https://tv.nrk.no/program/OBUI57008703
URL Error: https://tv.nrk.no/program/OBUI57008803
URL Error: https://tv.nrk.no/program/OBUI57008903
URL Error: https://tv.nrk.no/program/OBUI57009003
URL Error: https://tv.nrk.no/program/OBUI57009103
URL Error: https://tv.nrk.no/program/OBUI57009203
URL Error: https://tv.nrk.no/program/OBUI57009303
URL Error: https://tv.nrk.no/program/OBUI58006103
URL Error: https://tv.nrk.no/program/OBUI58006203
URL Error: https://tv.nrk.no/program/OBUI58006303
URL Error: https://tv.nrk.no/program/OBUI58006403
URL Error: https://tv.nrk.no/program/OBUI58006503
URL Error: https://tv.nrk.no/program/OBUI58006603
URL Error: https://tv.nrk.no/program/OBUI58006703
URL Error: https://tv.nrk.no/program/OBUI58007203
URL Error: https://tv.nrk.no/program/OBUI58006803
URL Error: https://tv.nrk.no/program/OBUI58006903
URL Error: https://tv.nrk.no/program/OBUI58007003
URL Error: https://tv.nrk.no/program/OBUI58007103
URL Error: https://tv.nrk.no/program/OBUI58007303
URL Error: https://tv.nrk.no/program/OBUI27005108
URL Error: https://tv.nrk.no/program/OBUI27005208
URL Error: https://tv.nrk.no/program/OBUI27005308
URL Error: https://tv.nrk.no/program/OBUI27005408
URL Error: https://tv.nrk.no/program/OBUI27005508
URL Error: https://tv.nrk.no/program/OBUI27008108
URL Error: https://tv.nrk.no/program/OBUI27005708
URL Error: https://tv.nrk.no/program/OBUI27005808
URL Error: https://tv.nrk.no/program/OBUI27005908
URL Error: https://tv.nrk.no/program/OBUI27006008
URL Error: https://tv.nrk.no/program/OBUI27006108
URL Error: https://tv.nrk.no/program/OBUI27006208
URL Error: https://tv.nrk.no/program/OBUI27006308
URL Error: https://tv.nrk.no/program/OBUI27006408
URL Error: https://tv.nrk.no/program/OBUI27006508
URL Error: https://tv.nrk.no/program/OBUI27006608
URL Error: https://tv.nrk.no/program/OBUI27006708
URL Error: https://tv.nrk.no/program/OBUI27006808
URL Error: https://tv.nrk.no/program/OBUI27006908
URL Error: https://tv.nrk.no/program/OBUI27007008
URL Error: https://tv.nrk.no/program/OBUI27007108
URL Error: https://tv.nrk.no/program/OBUI27007208
URL Error: https://tv.nrk.no/program/OBUI27007308
URL Error: https://tv.nrk.no/program/OBUI27007408
URL Error: https://tv.nrk.no/program/OBUI27007508
URL Error: https://tv.nrk.no/program/OBUI27007608
URL Error: https://tv.nrk.no/program/OBUI27007708
URL Error: https://tv.nrk.no/program/OBUI27007808
URL Error: https://tv.nrk.no/program/OBUI27007908
URL Error: https://tv.nrk.no/program/OBUI27008008
URL Error: https://tv.nrk.no/program/OBUI27005608
URL Error: https://tv.nrk.no/program/OBUI27008208
URL Error: https://tv.nrk.no/program/OBUI27008308
URL Error: https://tv.nrk.no/program/OBUI27008408
URL Error: https://tv.nrk.no/program/OBUI27008508
URL Error: https://tv.nrk.no/program/OBUI27008608
URL Error: https://tv.nrk.no/program/OBUI27008708
URL Error: https://tv.nrk.no/program/OBUI27008808
URL Error: https://tv.nrk.no/program/OBUI27008908
URL Error: https://tv.nrk.no/program/OBUI27009008
URL Error: https://tv.nrk.no/program/OBUI27009108
URL Error: https://tv.nrk.no/program/OBUI27009208
URL Error: https://tv.nrk.no/program/OBUI27009308
URL Error: https://tv.nrk.no/program/OBUI27009408
URL Error: https://tv.nrk.no/program/OBUI27009508
URL Error: https://tv.nrk.no/program/OBUI27009608
URL Error: https://tv.nrk.no/program/OBUI27009708
URL Error: https://tv.nrk.no/program/OBUI27009808
URL Error: https://tv.nrk.no/program/OBUI27009908
URL Error: https://tv.nrk.no/program/OBUI27010008
URL Error: https://tv.nrk.no/program/OBUI27010108
URL Error: https://tv.nrk.no/program/OBUI27010208
URL Error: https://tv.nrk.no/program/MSUI38006118
URL Error: https://tv.nrk.no/program/MSUI38006218
URL Error: https://tv.nrk.no/program/MSUI38006318
URL Error: https://tv.nrk.no/program/MSUI38006418
URL Error: https://tv.nrk.no/program/MSUI38006518
URL Error: https://tv.nrk.no/program/MSUI38006618
URL Error: https://tv.nrk.no/program/MSUI38006718
URL Error: https://tv.nrk.no/program/MSUI38006818
URL Error: https://tv.nrk.no/program/MSUI38006918
URL Error: https://tv.nrk.no/program/MSUI38007018
URL Error: https://tv.nrk.no/program/MSUI38007118
URL Error: https://tv.nrk.no/program/MSUI38007218
URL Error: https://tv.nrk.no/program/MSUI38007318
URL Error: https://tv.nrk.no/program/MSUI38007418
URL Error: https://tv.nrk.no/program/MSUI38007518
URL Error: https://tv.nrk.no/program/MSUI38007618
URL Error: https://tv.nrk.no/program/MSUI38007718
URL Error: https://tv.nrk.no/program/MSUI27006121
URL Error: https://tv.nrk.no/program/MSUI27006221
URL Error: https://tv.nrk.no/program/MSUI27006321
URL Error: https://tv.nrk.no/program/MSUI27006421
URL Error: https://tv.nrk.no/program/MSUI27006521
URL Error: https://tv.nrk.no/program/MSUI27006621
URL Error: https://tv.nrk.no/program/MSUI27006721
URL Error: https://tv.nrk.no/program/MSUI27006821
URL Error: https://tv.nrk.no/program/MSUI27006921
URL Error: https://tv.nrk.no/program/MSUI27007021
URL Error: https://tv.nrk.no/program/MSUI27007121
URL Error: https://tv.nrk.no/program/MSUI27007221
URL Error: https://tv.nrk.no/program/MSUI27007321
URL Error: https://tv.nrk.no/program/KOIF50005113
URL Error: https://tv.nrk.no/program/KOIF50005213
URL Error: https://tv.nrk.no/program/KOIF50005313
URL Error: https://tv.nrk.no/program/KOIF50005413
URL Error: https://tv.nrk.no/program/KOIF50005513
URL Error: https://tv.nrk.no/program/KOIF50005613
URL Error: https://tv.nrk.no/program/KOIF50005713
URL Error: https://tv.nrk.no/program/KOIF50005813
URL Error: https://tv.nrk.no/program/KOIF25000114
URL Error: https://tv.nrk.no/program/KOIF25000214
URL Error: https://tv.nrk.no/program/KOIF25000314
URL Error: https://tv.nrk.no/program/KOIF25000414
URL Error: https://tv.nrk.no/program/KOIF25000514
URL Error: https://tv.nrk.no/program/KOIF25000614
URL Error: https://tv.nrk.no/program/KOIF25000714
URL Error: https://tv.nrk.no/program/KOIF25000814
URL Error: https://tv.nrk.no/program/KOIF23001116
URL Error: https://tv.nrk.no/program/KOIF23001216
URL Error: https://tv.nrk.no/program/KOIF23001316
URL Error: https://tv.nrk.no/program/KOIF23001416
URL Error: https://tv.nrk.no/program/KOIF23001516
URL Error: https://tv.nrk.no/program/KOIF23001616
URL Error: https://tv.nrk.no/program/KOIF23001716
URL Error: https://tv.nrk.no/program/KOIF23001816
URL Error: https://tv.nrk.no/program/FUHA01007872
URL Error: https://tv.nrk.no/program/OBUI55004204
URL Error: https://tv.nrk.no/program/OBUI55004004
URL Error: https://tv.nrk.no/program/OBUI55003604
URL Error: https://tv.nrk.no/program/OBUI55004304
URL Error: https://tv.nrk.no/program/OBUI55003504
URL Error: https://tv.nrk.no/program/OBUI55003404
URL Error: https://tv.nrk.no/program/OBUI55003704
URL Error: https://tv.nrk.no/program/OBUI55003804
URL Error: https://tv.nrk.no/program/OBUI55003104
URL Error: https://tv.nrk.no/program/OBUI55003204
URL Error: https://tv.nrk.no/program/OBUI55003304
URL Error: https://tv.nrk.no/program/OBUI58000104
URL Error: https://tv.nrk.no/program/OBUI58000204
URL Error: https://tv.nrk.no/program/OBUI58000304
URL Error: https://tv.nrk.no/program/OBUI58000404
URL Error: https://tv.nrk.no/program/OBUI58000504
URL Error: https://tv.nrk.no/program/OBUI58000704
URL Error: https://tv.nrk.no/program/OBUI58000804
URL Error: https://tv.nrk.no/program/OBUI58000904
URL Error: https://tv.nrk.no/program/OBUI58001004
URL Error: https://tv.nrk.no/program/OBUI58001104
URL Error: https://tv.nrk.no/program/OBUI58001204
URL Error: https://tv.nrk.no/program/OBUI58001304
URL Error: https://tv.nrk.no/program/OBUI55003904
URL Error: https://tv.nrk.no/program/OBUI55004104
URL Error: https://tv.nrk.no/program/OBUI58000604
URL Error: https://tv.nrk.no/program/OBUI28003808
URL Error: https://tv.nrk.no/program/MYNM30100021
URL Error: https://tv.nrk.no/program/MSUS64121821
URL Error: https://tv.nrk.no/program/NNFA56121721
URL Error: https://tv.nrk.no/program/NNFA19121721
URL Error: https://tv.nrk.no/program/NNFA27121721
URL Error: https://tv.nrk.no/program/KOIF20005818
URL Error: https://tv.nrk.no/program/KOIF20005918
URL Error: https://tv.nrk.no/program/KOIF20006018
URL Error: https://tv.nrk.no/program/KOIF20006118
URL Error: https://tv.nrk.no/program/KOIF20006218
URL Error: https://tv.nrk.no/program/KOIF20006318
URL Error: https://tv.nrk.no/program/KOIF20006418
URL Error: https://tv.nrk.no/program/KOIF20006518
URL Error: https://tv.nrk.no/program/KOIF10002719
URL Error: https://tv.nrk.no/program/KOIF10002819
URL Error: https://tv.nrk.no/program/KOIF10002919
URL Error: https://tv.nrk.no/program/KOIF10003019
URL Error: https://tv.nrk.no/program/KOIF10003119
URL Error: https://tv.nrk.no/program/KOIF10003219
URL Error: https://tv.nrk.no/program/KOIF10003319
URL Error: https://tv.nrk.no/program/KOIF10003419
URL Error: https://tv.nrk.no/program/KMTE50001213
URL Error: https://tv.nrk.no/program/KMTE50003314
URL Error: https://tv.nrk.no/program/KMTE50001313
URL Error: https://tv.nrk.no/program/KMTE50001113
URL Error: https://tv.nrk.no/program/KMTE50001613
URL Error: https://tv.nrk.no/program/KMTE50003414
URL Error: https://tv.nrk.no/program/KMTE50001413
URL Error: https://tv.nrk.no/program/KMTE50003514
URL Error: https://tv.nrk.no/program/KMTE50001513
URL Error: https://tv.nrk.no/program/KMTE50003214
URL Error: https://tv.nrk.no/program/KMTE50003114
URL Error: https://tv.nrk.no/program/KMTE50003614
URL Error: https://tv.nrk.no/program/KOIF23002819
URL Error: https://tv.nrk.no/program/KOIF23002919
URL Error: https://tv.nrk.no/program/KOIF23003019
URL Error: https://tv.nrk.no/program/KOIF23003119
URL Error: https://tv.nrk.no/program/NNFA51010622
URL Error: https://tv.nrk.no/program/KOIF61007318
URL Error: https://tv.nrk.no/program/KOIF61007418
URL Error: https://tv.nrk.no/program/KOIF61007518
URL Error: https://tv.nrk.no/program/KOIF61007618
URL Error: https://tv.nrk.no/program/KOIF61007718
URL Error: https://tv.nrk.no/program/KOIF61007818
URL Error: https://tv.nrk.no/program/KOIF12005321
URL Error: https://tv.nrk.no/program/KOIF12005421
URL Error: https://tv.nrk.no/program/KOIF12005521
URL Error: https://tv.nrk.no/program/KOIF12005621
URL Error: https://tv.nrk.no/program/KOIF12005721
URL Error: https://tv.nrk.no/program/KOIF12005821
URL Error: https://tv.nrk.no/program/KOIF12005921
URL Error: https://tv.nrk.no/program/MSUI24003109
URL Error: https://tv.nrk.no/program/MSUI24003209
URL Error: https://tv.nrk.no/program/MSUI24003309
URL Error: https://tv.nrk.no/program/MSUI24003409
URL Error: https://tv.nrk.no/program/MSUI24003509
URL Error: https://tv.nrk.no/program/MSUI24003609
URL Error: https://tv.nrk.no/program/MSUI24003709
URL Error: https://tv.nrk.no/program/MSUI24003809
URL Error: https://tv.nrk.no/program/MSUI24003909
URL Error: https://tv.nrk.no/program/MSUI24004009
URL Error: https://tv.nrk.no/program/MSUI24004109
URL Error: https://tv.nrk.no/program/MSUI24004209
URL Error: https://tv.nrk.no/program/MSUI24004309
URL Error: https://tv.nrk.no/program/MSUI24004409
URL Error: https://tv.nrk.no/program/MSUI24004509
URL Error: https://tv.nrk.no/program/MSUI24004609
URL Error: https://tv.nrk.no/program/MSUI24004709
URL Error: https://tv.nrk.no/program/MSUI24004809
URL Error: https://tv.nrk.no/program/MSUI24004909
URL Error: https://tv.nrk.no/program/MSUI24005009
URL Error: https://tv.nrk.no/program/MSUI24005109
URL Error: https://tv.nrk.no/program/MSUI24005209
URL Error: https://tv.nrk.no/program/MSUI24005309
URL Error: https://tv.nrk.no/program/MSUI24005409
URL Error: https://tv.nrk.no/program/MSUI24005509
URL Error: https://tv.nrk.no/program/MSUI24005609
URL Error: https://tv.nrk.no/program/MSUI24007809
URL Error: https://tv.nrk.no/program/MSUI24007909
URL Error: https://tv.nrk.no/program/MSUI24008009
URL Error: https://tv.nrk.no/program/MSUI24008109
URL Error: https://tv.nrk.no/program/MSUI24008209
URL Error: https://tv.nrk.no/program/MSUI24005709
URL Error: https://tv.nrk.no/program/MSUI24005809
URL Error: https://tv.nrk.no/program/MSUI24005909
URL Error: https://tv.nrk.no/program/MSUI24006009
URL Error: https://tv.nrk.no/program/MSUI24006109
URL Error: https://tv.nrk.no/program/MSUI24006209
URL Error: https://tv.nrk.no/program/MSUI24006309
URL Error: https://tv.nrk.no/program/MSUI24006409
URL Error: https://tv.nrk.no/program/MSUI24006509
URL Error: https://tv.nrk.no/program/MSUI24006609
URL Error: https://tv.nrk.no/program/MSUI24006709
URL Error: https://tv.nrk.no/program/MSUI24006809
URL Error: https://tv.nrk.no/program/MSUI24006909
URL Error: https://tv.nrk.no/program/MSUI24007009
URL Error: https://tv.nrk.no/program/MSUI24007109
URL Error: https://tv.nrk.no/program/MSUI24007209
URL Error: https://tv.nrk.no/program/MSUI24007309
URL Error: https://tv.nrk.no/program/MSUI24007409
URL Error: https://tv.nrk.no/program/MSUI24007509
URL Error: https://tv.nrk.no/program/MSUI24007609
URL Error: https://tv.nrk.no/program/MSUI24007709
URL Error: https://tv.nrk.no/program/PRMR70000308
URL Error: https://tv.nrk.no/program/DVSF65100421
URL Error: https://tv.nrk.no/program/MSUI20007114
URL Error: https://tv.nrk.no/program/MSUI20007214
URL Error: https://tv.nrk.no/program/MSUI20007314
URL Error: https://tv.nrk.no/program/MSUI20007414
URL Error: https://tv.nrk.no/program/MSUI20007514
URL Error: https://tv.nrk.no/program/MSUI20007614
URL Error: https://tv.nrk.no/program/MSUI20007714
URL Error: https://tv.nrk.no/program/MSUI20007814
URL Error: https://tv.nrk.no/program/MSUI20007914
URL Error: https://tv.nrk.no/program/MSUI20008014
URL Error: https://tv.nrk.no/program/MSUI20008114
URL Error: https://tv.nrk.no/program/MSUI20008214
URL Error: https://tv.nrk.no/program/MSUI20008314
URL Error: https://tv.nrk.no/program/MSUI40000114
URL Error: https://tv.nrk.no/program/MSUI40000214
URL Error: https://tv.nrk.no/program/MSUI40000314
URL Error: https://tv.nrk.no/program/MSUI40000414
URL Error: https://tv.nrk.no/program/MSUI40000514
URL Error: https://tv.nrk.no/program/MSUI40000614
URL Error: https://tv.nrk.no/program/MSUI40000714
URL Error: https://tv.nrk.no/program/MSUI40000814
URL Error: https://tv.nrk.no/program/MSUI40000914
URL Error: https://tv.nrk.no/program/MSUI40001114
URL Error: https://tv.nrk.no/program/MSUI40001214
URL Error: https://tv.nrk.no/program/MSUI40001314
URL Error: https://tv.nrk.no/program/MSUI40001414
URL Error: https://tv.nrk.no/program/MSUI40001514
URL Error: https://tv.nrk.no/program/MSUI40001614
URL Error: https://tv.nrk.no/program/MSUI40001714
URL Error: https://tv.nrk.no/program/MSUI40001814
URL Error: https://tv.nrk.no/program/MSUI40001914
URL Error: https://tv.nrk.no/program/MSUI40002014
URL Error: https://tv.nrk.no/program/MSUI40002114
URL Error: https://tv.nrk.no/program/MSUI40002214
URL Error: https://tv.nrk.no/program/FUHA64001464
URL Error: https://tv.nrk.no/program/MSUI36000115
URL Error: https://tv.nrk.no/program/MSUI36000215
URL Error: https://tv.nrk.no/program/MSUI36000315
URL Error: https://tv.nrk.no/program/MSUI36000415
URL Error: https://tv.nrk.no/program/MSUI36000515
URL Error: https://tv.nrk.no/program/MSUI36000715
URL Error: https://tv.nrk.no/program/MSUI36000615
URL Error: https://tv.nrk.no/program/MSUI36000815
URL Error: https://tv.nrk.no/program/MSUI36000915
URL Error: https://tv.nrk.no/program/MSUI36001015
URL Error: https://tv.nrk.no/program/MSUI36001115
URL Error: https://tv.nrk.no/program/MSUI36001215
URL Error: https://tv.nrk.no/program/MSUI36001315
URL Error: https://tv.nrk.no/program/MSUI36001415
URL Error: https://tv.nrk.no/program/MSUI36001515
URL Error: https://tv.nrk.no/program/MSUI36001615
URL Error: https://tv.nrk.no/program/MSUI36001715
URL Error: https://tv.nrk.no/program/MSUI36001815
URL Error: https://tv.nrk.no/program/MSUI36001915
URL Error: https://tv.nrk.no/program/MSUI36002015
URL Error: https://tv.nrk.no/program/MSUI36002115
URL Error: https://tv.nrk.no/program/MSUI36002215
URL Error: https://tv.nrk.no/program/MSUI36002315
URL Error: https://tv.nrk.no/program/MSUI36002415
URL Error: https://tv.nrk.no/program/MSUI36002515
URL Error: https://tv.nrk.no/program/MSUI36002615
URL Error: https://tv.nrk.no/program/DMPP21300421
URL Error: https://tv.nrk.no/program/OBUI13000109
URL Error: https://tv.nrk.no/program/OBUI13000209
URL Error: https://tv.nrk.no/program/OBUI13000309
URL Error: https://tv.nrk.no/program/OBUI13000409
URL Error: https://tv.nrk.no/program/OBUI13000509
URL Error: https://tv.nrk.no/program/OBUI13000609
URL Error: https://tv.nrk.no/program/OBUI13000709
URL Error: https://tv.nrk.no/program/OBUI13000809
URL Error: https://tv.nrk.no/program/OBUI13000909
URL Error: https://tv.nrk.no/program/OBUI13001009
URL Error: https://tv.nrk.no/program/OBUI13001109
URL Error: https://tv.nrk.no/program/OBUI13001209
URL Error: https://tv.nrk.no/program/OBUI13001309
URL Error: https://tv.nrk.no/program/OBUI13001409
URL Error: https://tv.nrk.no/program/OBUI13001509
URL Error: https://tv.nrk.no/program/OBUI13001609
URL Error: https://tv.nrk.no/program/OBUI13001709
URL Error: https://tv.nrk.no/program/OBUI13001809
URL Error: https://tv.nrk.no/program/OBUI13001909
URL Error: https://tv.nrk.no/program/OBUI13002009
URL Error: https://tv.nrk.no/program/OBUI13004209
URL Error: https://tv.nrk.no/program/OBUI13004309
URL Error: https://tv.nrk.no/program/OBUI13004409
URL Error: https://tv.nrk.no/program/OBUI13004509
URL Error: https://tv.nrk.no/program/OBUI13004609
URL Error: https://tv.nrk.no/program/OBUI13004709
URL Error: https://tv.nrk.no/program/OBUI13004809
URL Error: https://tv.nrk.no/program/OBUI13004909
URL Error: https://tv.nrk.no/program/OBUI13005009
URL Error: https://tv.nrk.no/program/OBUI13005109
URL Error: https://tv.nrk.no/program/OBUI13005209
URL Error: https://tv.nrk.no/program/OBUI13005309
URL Error: https://tv.nrk.no/program/OBUI13005409
URL Error: https://tv.nrk.no/program/OBUI13005509
URL Error: https://tv.nrk.no/program/OBUI13005609
URL Error: https://tv.nrk.no/program/OBUI13005709
URL Error: https://tv.nrk.no/program/OBUI13005809
URL Error: https://tv.nrk.no/program/MSUI27000120
URL Error: https://tv.nrk.no/program/MSUI27000220
URL Error: https://tv.nrk.no/program/MSUI27000320
URL Error: https://tv.nrk.no/program/MSUI27000420
URL Error: https://tv.nrk.no/program/MSUI27000520
URL Error: https://tv.nrk.no/program/MSUI27000620
URL Error: https://tv.nrk.no/program/MSUI27000720
URL Error: https://tv.nrk.no/program/MSUI27000820
URL Error: https://tv.nrk.no/program/MSUI27000920
URL Error: https://tv.nrk.no/program/MSUI27001020
URL Error: https://tv.nrk.no/program/MSUI27002220
URL Error: https://tv.nrk.no/program/KOIF21000118
URL Error: https://tv.nrk.no/program/KOIF21000218
URL Error: https://tv.nrk.no/program/KOIF21000318
URL Error: https://tv.nrk.no/program/KOIF21000418
URL Error: https://tv.nrk.no/program/KOIF21000518
URL Error: https://tv.nrk.no/program/KOIF21000618
URL Error: https://tv.nrk.no/program/KOIF21000718
URL Error: https://tv.nrk.no/program/KOIF21000818
URL Error: https://tv.nrk.no/program/DKIN98121721
URL Error: https://tv.nrk.no/program/DKTL98121721
URL Error: https://tv.nrk.no/program/DKMR98121721
URL Error: https://tv.nrk.no/program/DKNO98121721
URL Error: https://tv.nrk.no/program/DKTR98121721
URL Error: https://tv.nrk.no/program/DKOV98121721
URL Error: https://tv.nrk.no/program/DKRO98121721
URL Error: https://tv.nrk.no/program/DKSL98121721
URL Error: https://tv.nrk.no/program/DKVT98121721
URL Error: https://tv.nrk.no/program/DKHO98121721
URL Error: https://tv.nrk.no/program/KOID20005819
URL Error: https://tv.nrk.no/program/KOID20005919
URL Error: https://tv.nrk.no/program/KOID30000820
URL Error: https://tv.nrk.no/program/KOID30000920
URL Error: https://tv.nrk.no/program/KOID30001020
URL Error: https://tv.nrk.no/program/KOID21004121
URL Error: https://tv.nrk.no/program/KOID21004221
URL Error: https://tv.nrk.no/program/KOID21004321
URL Error: https://tv.nrk.no/program/KOID21004421
URL Error: https://tv.nrk.no/program/KOID21004521
URL Error: https://tv.nrk.no/program/KOIF40004509
URL Error: https://tv.nrk.no/program/MSUI35007110
URL Error: https://tv.nrk.no/program/MSUI35007210
URL Error: https://tv.nrk.no/program/MSUI35007310
URL Error: https://tv.nrk.no/program/MSUI35007410
URL Error: https://tv.nrk.no/program/MSUI35007510
URL Error: https://tv.nrk.no/program/MSUI35007610
URL Error: https://tv.nrk.no/program/MSUI35007710
URL Error: https://tv.nrk.no/program/MSUI35007810
URL Error: https://tv.nrk.no/program/MSUI35007910
URL Error: https://tv.nrk.no/program/MSUI35008010
URL Error: https://tv.nrk.no/program/MSUI35008110
URL Error: https://tv.nrk.no/program/MSUI35008210
URL Error: https://tv.nrk.no/program/MSUI35008310
URL Error: https://tv.nrk.no/program/MSUI28009111
URL Error: https://tv.nrk.no/program/MSUI28009211
URL Error: https://tv.nrk.no/program/MSUI28009311
URL Error: https://tv.nrk.no/program/MSUI28009411
URL Error: https://tv.nrk.no/program/MSUI28009511
URL Error: https://tv.nrk.no/program/MSUI28009611
URL Error: https://tv.nrk.no/program/MSUI28009711
URL Error: https://tv.nrk.no/program/MSUI28009911
URL Error: https://tv.nrk.no/program/MSUI28010011
URL Error: https://tv.nrk.no/program/MSUI28010111
URL Error: https://tv.nrk.no/program/MSUI28010211
URL Error: https://tv.nrk.no/program/MSUI28010311
URL Error: https://tv.nrk.no/program/MSUB06200117
URL Error: https://tv.nrk.no/program/MSUB06200217
URL Error: https://tv.nrk.no/program/MSUB06200517
URL Error: https://tv.nrk.no/program/MSUB06200617
URL Error: https://tv.nrk.no/program/MSUB06200317
URL Error: https://tv.nrk.no/program/MSUB06200417
URL Error: https://tv.nrk.no/program/MSUB06200817
URL Error: https://tv.nrk.no/program/MSUB06200917
URL Error: https://tv.nrk.no/program/MSUB06200717
URL Error: https://tv.nrk.no/program/MSUB06201017
URL Error: https://tv.nrk.no/program/MSUB06201117
URL Error: https://tv.nrk.no/program/MSUB06201217
URL Error: https://tv.nrk.no/program/MSUB06201317
URL Error: https://tv.nrk.no/program/MSUB06201417
URL Error: https://tv.nrk.no/program/MSUB06202217
URL Error: https://tv.nrk.no/program/MSUB06202317
URL Error: https://tv.nrk.no/program/MSUB06202417
URL Error: https://tv.nrk.no/program/MSUB06202517
URL Error: https://tv.nrk.no/program/MSUB06202717
URL Error: https://tv.nrk.no/program/MSUB06201517
URL Error: https://tv.nrk.no/program/MSUB06201617
URL Error: https://tv.nrk.no/program/MSUB06201717
URL Error: https://tv.nrk.no/program/MSUB06202617
URL Error: https://tv.nrk.no/program/MSUI29002719
URL Error: https://tv.nrk.no/program/MSUI29002819
URL Error: https://tv.nrk.no/program/MSUI29002919
URL Error: https://tv.nrk.no/program/MSUI29003019
URL Error: https://tv.nrk.no/program/MSUI29003119
URL Error: https://tv.nrk.no/program/MSUI29003219
URL Error: https://tv.nrk.no/program/MSUI29003319
URL Error: https://tv.nrk.no/program/MSUI29003419
URL Error: https://tv.nrk.no/program/MSUI29003519
URL Error: https://tv.nrk.no/program/MSUI29003619
URL Error: https://tv.nrk.no/program/MSUI29003719
URL Error: https://tv.nrk.no/program/MSUI29003819
URL Error: https://tv.nrk.no/program/MSUI29003919
URL Error: https://tv.nrk.no/program/MSUI29004019
URL Error: https://tv.nrk.no/program/MSUI29004119
URL Error: https://tv.nrk.no/program/MSUI29004219
URL Error: https://tv.nrk.no/program/MSUI29004319
URL Error: https://tv.nrk.no/program/MSUI29004419
URL Error: https://tv.nrk.no/program/MSUI29004519
URL Error: https://tv.nrk.no/program/MSUI29004619
URL Error: https://tv.nrk.no/program/MSUI29004719
URL Error: https://tv.nrk.no/program/MSUI29004819
URL Error: https://tv.nrk.no/program/MSUI29004919
URL Error: https://tv.nrk.no/program/MSUI29005019
URL Error: https://tv.nrk.no/program/MSUI29005119
URL Error: https://tv.nrk.no/program/MSUI29005219
URL Error: https://tv.nrk.no/program/DVFJ40008321
URL Error: https://tv.nrk.no/program/KOID32001620
URL Error: https://tv.nrk.no/program/KOIF21003018
URL Error: https://tv.nrk.no/program/KOIF21003118
URL Error: https://tv.nrk.no/program/KOIF21003218
URL Error: https://tv.nrk.no/program/KOID28004315
URL Error: https://tv.nrk.no/program/KOID28004415
URL Error: https://tv.nrk.no/program/KOID28004515
URL Error: https://tv.nrk.no/program/KOID28004615
URL Error: https://tv.nrk.no/program/KOIF22004420
URL Error: https://tv.nrk.no/program/KOIF22004520
URL Error: https://tv.nrk.no/program/KOIF22004620
URL Error: https://tv.nrk.no/program/OBUS15000206
URL Error: https://tv.nrk.no/program/KOIF20006918
URL Error: https://tv.nrk.no/program/KOIF20007018
URL Error: https://tv.nrk.no/program/KOIF20007118
URL Error: https://tv.nrk.no/program/KOIF20007218
URL Error: https://tv.nrk.no/program/KOIF20007318
URL Error: https://tv.nrk.no/program/KOIF20007418
URL Error: https://tv.nrk.no/program/KOIF20007518
URL Error: https://tv.nrk.no/program/KOIF20007618
URL Error: https://tv.nrk.no/program/KOIF20007718
URL Error: https://tv.nrk.no/program/KOIF20007818
URL Error: https://tv.nrk.no/program/KOIF20007918
URL Error: https://tv.nrk.no/program/KOIF20008018
URL Error: https://tv.nrk.no/program/MSUE10905116
URL Error: https://tv.nrk.no/program/MSUE10905316
URL Error: https://tv.nrk.no/program/MSUE10905616
URL Error: https://tv.nrk.no/program/MSUE10905716
URL Error: https://tv.nrk.no/program/MSUE10905816
URL Error: https://tv.nrk.no/program/MDFP13001110
URL Error: https://tv.nrk.no/program/MDFP13003111
URL Error: https://tv.nrk.no/program/KOID31006517
URL Error: https://tv.nrk.no/program/KOID31006617
URL Error: https://tv.nrk.no/program/MSUI24000818
URL Error: https://tv.nrk.no/program/MSUI24000918
URL Error: https://tv.nrk.no/program/MSUI24001018
URL Error: https://tv.nrk.no/program/MSUI24001218
URL Error: https://tv.nrk.no/program/MSUI24001318
URL Error: https://tv.nrk.no/program/MSUI24002818
URL Error: https://tv.nrk.no/program/MSUI24002918
URL Error: https://tv.nrk.no/program/MSUI24003018
URL Error: https://tv.nrk.no/program/MSUI24003118
URL Error: https://tv.nrk.no/program/MSUI24003218
URL Error: https://tv.nrk.no/program/MSUI24003318
URL Error: https://tv.nrk.no/program/MSUI24003418
URL Error: https://tv.nrk.no/program/MSUI24003518
URL Error: https://tv.nrk.no/program/MSUI24003618
URL Error: https://tv.nrk.no/program/MSUI24003718
URL Error: https://tv.nrk.no/program/MSUI24003818
URL Error: https://tv.nrk.no/program/MSUI24003918
URL Error: https://tv.nrk.no/program/MSUI24004018
URL Error: https://tv.nrk.no/program/MSUI24004118
URL Error: https://tv.nrk.no/program/MSUI24004218
URL Error: https://tv.nrk.no/program/MSUI24004318
URL Error: https://tv.nrk.no/program/MSUI24004418
URL Error: https://tv.nrk.no/program/MSUI24004518
URL Error: https://tv.nrk.no/program/MSUI24004618
URL Error: https://tv.nrk.no/program/MSUI24004718
URL Error: https://tv.nrk.no/program/MSUI24004818
URL Error: https://tv.nrk.no/program/MSUI24004918
URL Error: https://tv.nrk.no/program/MSUI24005018
URL Error: https://tv.nrk.no/program/MSUI24005118
URL Error: https://tv.nrk.no/program/MSUI24005218
URL Error: https://tv.nrk.no/program/KMTE71007121
URL Error: https://tv.nrk.no/program/FØST70000394
URL Error: https://tv.nrk.no/program/MSUS26180415
URL Error: https://tv.nrk.no/program/MSUS26190415
URL Error: https://tv.nrk.no/program/MSUS26200415
URL Error: https://tv.nrk.no/program/MSUS26210415
URL Error: https://tv.nrk.no/program/MSUS26220415
URL Error: https://tv.nrk.no/program/MSUS26230415
URL Error: https://tv.nrk.no/program/MSUS26240415
URL Error: https://tv.nrk.no/program/MSUS26250415
URL Error: https://tv.nrk.no/program/MSUS26260415
URL Error: https://tv.nrk.no/program/MSUS26270415
URL Error: https://tv.nrk.no/program/MSUS26280415
URL Error: https://tv.nrk.no/program/MSUS26290415
URL Error: https://tv.nrk.no/program/MSUS26300415
URL Error: https://tv.nrk.no/program/MSUS26310415
URL Error: https://tv.nrk.no/program/KOIF23006518
URL Error: https://tv.nrk.no/program/KOIF23006618
URL Error: https://tv.nrk.no/program/KOIF23006718
URL Error: https://tv.nrk.no/program/KOIF23006818
URL Error: https://tv.nrk.no/program/KOIF23006918
URL Error: https://tv.nrk.no/program/KOIF23007018
URL Error: https://tv.nrk.no/program/KOIF23007118
URL Error: https://tv.nrk.no/program/KOIF23007218
URL Error: https://tv.nrk.no/program/KOIF20009420
URL Error: https://tv.nrk.no/program/KOIF20009520
URL Error: https://tv.nrk.no/program/KOIF20009620
URL Error: https://tv.nrk.no/program/KOIF20009720
URL Error: https://tv.nrk.no/program/MSUI14904117
URL Error: https://tv.nrk.no/program/MSUI14904317
URL Error: https://tv.nrk.no/program/MSUI14904217
URL Error: https://tv.nrk.no/program/MSUI14904517
URL Error: https://tv.nrk.no/program/MSUI14904417
URL Error: https://tv.nrk.no/program/MSUI14904617
URL Error: https://tv.nrk.no/program/MSUI14904817
URL Error: https://tv.nrk.no/program/MSUI14904917
URL Error: https://tv.nrk.no/program/MSUI14905017
URL Error: https://tv.nrk.no/program/MSUI14905117
URL Error: https://tv.nrk.no/program/MSUI14905217
URL Error: https://tv.nrk.no/program/MSUI14905317
URL Error: https://tv.nrk.no/program/MSUI14905517
URL Error: https://tv.nrk.no/program/MSUI14905617
URL Error: https://tv.nrk.no/program/MSUI14905817
URL Error: https://tv.nrk.no/program/MSUI14905917
URL Error: https://tv.nrk.no/program/MSUI14906017
URL Error: https://tv.nrk.no/program/MSUI14906117
URL Error: https://tv.nrk.no/program/MSUI14906217
URL Error: https://tv.nrk.no/program/MSUI14906317
URL Error: https://tv.nrk.no/program/MSUI14906417
URL Error: https://tv.nrk.no/program/MSUI14906617
URL Error: https://tv.nrk.no/program/MSUI14906817
URL Error: https://tv.nrk.no/program/MSUI14907017
URL Error: https://tv.nrk.no/program/MSUI14907217
URL Error: https://tv.nrk.no/program/MSUI14907317
URL Error: https://tv.nrk.no/program/MSUI14907417
URL Error: https://tv.nrk.no/program/MSUI14907517
URL Error: https://tv.nrk.no/program/MKMU81002421
URL Error: https://tv.nrk.no/program/MKMU81001421
URL Error: https://tv.nrk.no/program/MKMU81001921
URL Error: https://tv.nrk.no/program/MKMU81002321
URL Error: https://tv.nrk.no/program/FSØR00004085
URL Error: https://tv.nrk.no/program/FSØR01007892
URL Error: https://tv.nrk.no/program/MSUM01013521
URL Error: https://tv.nrk.no/program/DVNA25000120
URL Error: https://tv.nrk.no/program/DVNA25000220
URL Error: https://tv.nrk.no/program/DVNA25000320
URL Error: https://tv.nrk.no/program/DVNA25000420
URL Error: https://tv.nrk.no/program/DVNA25000520
URL Error: https://tv.nrk.no/program/DVNA25000620
URL Error: https://tv.nrk.no/program/DVNA25000720
URL Error: https://tv.nrk.no/program/DVNA25000820
URL Error: https://tv.nrk.no/program/KOIF62002118
URL Error: https://tv.nrk.no/program/KOIF62002218
URL Error: https://tv.nrk.no/program/KOIF62002318
URL Error: https://tv.nrk.no/program/KOIF62002418
URL Error: https://tv.nrk.no/program/KOIF62002518
URL Error: https://tv.nrk.no/program/KOIF62002618
URL Error: https://tv.nrk.no/program/KOIF62002718
URL Error: https://tv.nrk.no/program/KOIF62002818
URL Error: https://tv.nrk.no/program/KMTE61006112
URL Error: https://tv.nrk.no/program/KMTE61006212
URL Error: https://tv.nrk.no/program/KMTE61006312
URL Error: https://tv.nrk.no/program/KMTE61006412
URL Error: https://tv.nrk.no/program/KMTE61006512
URL Error: https://tv.nrk.no/program/KMTE61006612
URL Error: https://tv.nrk.no/program/KMTE60008114
URL Error: https://tv.nrk.no/program/KMTE60008214
URL Error: https://tv.nrk.no/program/KMTE60008314
URL Error: https://tv.nrk.no/program/KMTE60008614
URL Error: https://tv.nrk.no/program/FSØR02001393
URL Error: https://tv.nrk.no/program/MSUI34006114
URL Error: https://tv.nrk.no/program/MSUI34006214
URL Error: https://tv.nrk.no/program/MSUI34006314
URL Error: https://tv.nrk.no/program/MSUI34006414
URL Error: https://tv.nrk.no/program/MSUI34006514
URL Error: https://tv.nrk.no/program/MSUI34006614
URL Error: https://tv.nrk.no/program/MSUI34006714
URL Error: https://tv.nrk.no/program/MSUI34006814
URL Error: https://tv.nrk.no/program/MSUI34006914
URL Error: https://tv.nrk.no/program/MSUI34007014
URL Error: https://tv.nrk.no/program/MSUI34007114
URL Error: https://tv.nrk.no/program/MSUI34007214
URL Error: https://tv.nrk.no/program/MSUI34007314
URL Error: https://tv.nrk.no/program/MSUI34007414
URL Error: https://tv.nrk.no/program/MSUI34007514
URL Error: https://tv.nrk.no/program/MSUI34007614
URL Error: https://tv.nrk.no/program/MSUI34007714
URL Error: https://tv.nrk.no/program/MSUI34007814
URL Error: https://tv.nrk.no/program/MSUI34007914
URL Error: https://tv.nrk.no/program/MSUI34008014
URL Error: https://tv.nrk.no/program/MSUI34008114
URL Error: https://tv.nrk.no/program/MSUI34008214
URL Error: https://tv.nrk.no/program/MSUI34008314
URL Error: https://tv.nrk.no/program/MSUI34008414
URL Error: https://tv.nrk.no/program/MSUI34008514
URL Error: https://tv.nrk.no/program/MSUI34008614
URL Error: https://tv.nrk.no/program/KOID24006017
URL Error: https://tv.nrk.no/program/KOID24006117
URL Error: https://tv.nrk.no/program/KOID24006217
URL Error: https://tv.nrk.no/program/KOID24006317
URL Error: https://tv.nrk.no/program/OBUI51007404
URL Error: https://tv.nrk.no/program/OBUI51007504
URL Error: https://tv.nrk.no/program/OBUI52007105
URL Error: https://tv.nrk.no/program/OBUI52007205
URL Error: https://tv.nrk.no/program/OBUI52007305
URL Error: https://tv.nrk.no/program/OBUI52007405
URL Error: https://tv.nrk.no/program/OBUI52007505
URL Error: https://tv.nrk.no/program/OBUI52007605
URL Error: https://tv.nrk.no/program/OBUI52007805
URL Error: https://tv.nrk.no/program/OBUI52007905
URL Error: https://tv.nrk.no/program/OBUI52008005
URL Error: https://tv.nrk.no/program/OBUI52008105
URL Error: https://tv.nrk.no/program/OBUI52008205
URL Error: https://tv.nrk.no/program/OBUI52007705
URL Error: https://tv.nrk.no/program/FSØR00009588
URL Error: https://tv.nrk.no/program/DNRR66501821
URL Error: https://tv.nrk.no/program/DNRR66501921
URL Error: https://tv.nrk.no/program/DNRR66502021
URL Error: https://tv.nrk.no/program/DNRR66502121
URL Error: https://tv.nrk.no/program/DNRR66502221
URL Error: https://tv.nrk.no/program/DNRR66502321
URL Error: https://tv.nrk.no/program/DNRR66502421
URL Error: https://tv.nrk.no/program/KOIF22002618
URL Error: https://tv.nrk.no/program/KOIF22002718
URL Error: https://tv.nrk.no/program/KOIF22002818
URL Error: https://tv.nrk.no/program/KOIF22002918
URL Error: https://tv.nrk.no/program/KOID25000221
URL Error: https://tv.nrk.no/program/KOID25000321
URL Error: https://tv.nrk.no/program/MSUI18006314
URL Error: https://tv.nrk.no/program/MSUI18006414
URL Error: https://tv.nrk.no/program/MSUI18005814
URL Error: https://tv.nrk.no/program/MSUI18005214
URL Error: https://tv.nrk.no/program/MSUI18005314
URL Error: https://tv.nrk.no/program/MSUI18005414
URL Error: https://tv.nrk.no/program/MSUI18005514
URL Error: https://tv.nrk.no/program/MSUI18005914
URL Error: https://tv.nrk.no/program/MSUI18006514
URL Error: https://tv.nrk.no/program/MSUI18006014
URL Error: https://tv.nrk.no/program/MSUI18006614
URL Error: https://tv.nrk.no/program/MSUI18005614
URL Error: https://tv.nrk.no/program/MSUI18005714
URL Error: https://tv.nrk.no/program/MSUI18006114
URL Error: https://tv.nrk.no/program/MSUI18006214
URL Error: https://tv.nrk.no/program/MSUI18006714
URL Error: https://tv.nrk.no/program/MSUI18007414
URL Error: https://tv.nrk.no/program/MSUI18006814
URL Error: https://tv.nrk.no/program/MSUI18007514
URL Error: https://tv.nrk.no/program/MSUI18006914
URL Error: https://tv.nrk.no/program/MSUI18007014
URL Error: https://tv.nrk.no/program/MSUI18007114
URL Error: https://tv.nrk.no/program/MSUI18007214
URL Error: https://tv.nrk.no/program/MSUI18007614
URL Error: https://tv.nrk.no/program/MSUI18007714
URL Error: https://tv.nrk.no/program/MSUI18007314
URL Error: https://tv.nrk.no/program/MSUI18007814
URL Error: https://tv.nrk.no/program/MSUI30003418
URL Error: https://tv.nrk.no/program/MSUI30003518
URL Error: https://tv.nrk.no/program/MSUI30003618
URL Error: https://tv.nrk.no/program/MSUI30003718
URL Error: https://tv.nrk.no/program/MSUI30003818
URL Error: https://tv.nrk.no/program/MSUI30003918
URL Error: https://tv.nrk.no/program/MSUI30004018
URL Error: https://tv.nrk.no/program/MSUI30004118
URL Error: https://tv.nrk.no/program/MSUI30004218
URL Error: https://tv.nrk.no/program/MSUI30004318
URL Error: https://tv.nrk.no/program/MSUI30004418
URL Error: https://tv.nrk.no/program/MSUI30004618
URL Error: https://tv.nrk.no/program/MSUI30004718
URL Error: https://tv.nrk.no/program/MSUI30004818
URL Error: https://tv.nrk.no/program/MSUI30004918
URL Error: https://tv.nrk.no/program/MSUI30005018
URL Error: https://tv.nrk.no/program/MSUI30005118
URL Error: https://tv.nrk.no/program/KOID30001220
URL Error: https://tv.nrk.no/program/KOID30001320
URL Error: https://tv.nrk.no/program/KOID30001420
URL Error: https://tv.nrk.no/program/KOID30001520
URL Error: https://tv.nrk.no/program/KOID30001620
URL Error: https://tv.nrk.no/program/KOID30001720
URL Error: https://tv.nrk.no/program/DMPP21240121
URL Error: https://tv.nrk.no/program/KOID31001019
URL Error: https://tv.nrk.no/program/KOID31000919
URL Error: https://tv.nrk.no/program/KOID31000819
URL Error: https://tv.nrk.no/program/KOID31000719
URL Error: https://tv.nrk.no/program/KOID31000619
URL Error: https://tv.nrk.no/program/KOID31000519
URL Error: https://tv.nrk.no/program/KOID31000419
URL Error: https://tv.nrk.no/program/KOID31000319
URL Error: https://tv.nrk.no/program/KOID31000219
URL Error: https://tv.nrk.no/program/KOID31000119
URL Error: https://tv.nrk.no/program/NNFA61000113
URL Error: https://tv.nrk.no/program/KMTE51003515
URL Error: https://tv.nrk.no/program/KOID75004518
URL Error: https://tv.nrk.no/program/FSØR01006692
URL Error: https://tv.nrk.no/program/DNRR62010521
URL Error: https://tv.nrk.no/program/KOID24008417
URL Error: https://tv.nrk.no/program/KOID24008517
URL Error: https://tv.nrk.no/program/KOID24008617
URL Error: https://tv.nrk.no/program/KOID24008717
URL Error: https://tv.nrk.no/program/KOID24008817
URL Error: https://tv.nrk.no/program/KOID24008917
URL Error: https://tv.nrk.no/program/MSUI49000109
URL Error: https://tv.nrk.no/program/MSUI49000209
URL Error: https://tv.nrk.no/program/MSUI49000309
URL Error: https://tv.nrk.no/program/MSUI49000409
URL Error: https://tv.nrk.no/program/MSUI49000509
URL Error: https://tv.nrk.no/program/MSUI49000609
URL Error: https://tv.nrk.no/program/MSUI49000709
URL Error: https://tv.nrk.no/program/MSUI49000809
URL Error: https://tv.nrk.no/program/MSUI49000909
URL Error: https://tv.nrk.no/program/MSUI49001009
URL Error: https://tv.nrk.no/program/MSUI49001109
URL Error: https://tv.nrk.no/program/MSUI49001209
URL Error: https://tv.nrk.no/program/MSUI49001309
URL Error: https://tv.nrk.no/program/MSUI49001409
URL Error: https://tv.nrk.no/program/MSUI49001509
URL Error: https://tv.nrk.no/program/MSUI49001609
URL Error: https://tv.nrk.no/program/MSUI49001709
URL Error: https://tv.nrk.no/program/MSUI49001809
URL Error: https://tv.nrk.no/program/MSUI49001909
URL Error: https://tv.nrk.no/program/MSUI49002009
URL Error: https://tv.nrk.no/program/MSUI49002109
URL Error: https://tv.nrk.no/program/MSUI49002209
URL Error: https://tv.nrk.no/program/MSUI49002309
URL Error: https://tv.nrk.no/program/MSUI49002409
URL Error: https://tv.nrk.no/program/MSUI49002509
URL Error: https://tv.nrk.no/program/MSUI49002609
URL Error: https://tv.nrk.no/program/MSUI22000112
URL Error: https://tv.nrk.no/program/MSUI22000212
URL Error: https://tv.nrk.no/program/MSUI22000312
URL Error: https://tv.nrk.no/program/MSUI22000412
URL Error: https://tv.nrk.no/program/MSUI22000512
URL Error: https://tv.nrk.no/program/MSUI22000612
URL Error: https://tv.nrk.no/program/MSUI22000712
URL Error: https://tv.nrk.no/program/MSUI22000812
URL Error: https://tv.nrk.no/program/MSUI22000912
URL Error: https://tv.nrk.no/program/MSUI22001012
URL Error: https://tv.nrk.no/program/MSUI22001112
URL Error: https://tv.nrk.no/program/MSUI22001212
URL Error: https://tv.nrk.no/program/MSUI22001312
URL Error: https://tv.nrk.no/program/MSUI22001412
URL Error: https://tv.nrk.no/program/MSUI22001512
URL Error: https://tv.nrk.no/program/MSUI22001612
URL Error: https://tv.nrk.no/program/MSUI22001712
URL Error: https://tv.nrk.no/program/MSUI22001812
URL Error: https://tv.nrk.no/program/MSUI22001912
URL Error: https://tv.nrk.no/program/MSUI22002012
URL Error: https://tv.nrk.no/program/MSUI22002112
URL Error: https://tv.nrk.no/program/MSUI22002212
URL Error: https://tv.nrk.no/program/MSUI22002312
URL Error: https://tv.nrk.no/program/MSUI22002412
URL Error: https://tv.nrk.no/program/MSUI22002512
URL Error: https://tv.nrk.no/program/MSUI22002612
URL Error: https://tv.nrk.no/program/MSUI22002712
URL Error: https://tv.nrk.no/program/MSUI22002812
URL Error: https://tv.nrk.no/program/MSUI22002912
URL Error: https://tv.nrk.no/program/MSUI22003012
URL Error: https://tv.nrk.no/program/MSUI22003212
URL Error: https://tv.nrk.no/program/MSUI22003312
URL Error: https://tv.nrk.no/program/MSUI22003412
URL Error: https://tv.nrk.no/program/MSUI22003512
URL Error: https://tv.nrk.no/program/MSUI22003612
URL Error: https://tv.nrk.no/program/MSUI22003712
URL Error: https://tv.nrk.no/program/MSUI22003812
URL Error: https://tv.nrk.no/program/MSUI22003912
URL Error: https://tv.nrk.no/program/MSUI22004012
URL Error: https://tv.nrk.no/program/MSUI22005012
URL Error: https://tv.nrk.no/program/MSUI22004112
URL Error: https://tv.nrk.no/program/MSUI22004212
URL Error: https://tv.nrk.no/program/MSUI22004312
URL Error: https://tv.nrk.no/program/MSUI22004412
URL Error: https://tv.nrk.no/program/MSUI22004512
URL Error: https://tv.nrk.no/program/MSUI22004612
URL Error: https://tv.nrk.no/program/MSUI22004812
URL Error: https://tv.nrk.no/program/MSUI22004712
URL Error: https://tv.nrk.no/program/MSUI22004912
URL Error: https://tv.nrk.no/program/MSUI22005112
URL Error: https://tv.nrk.no/program/MSUI22005212
URL Error: https://tv.nrk.no/program/MSUI22003112
URL Error: https://tv.nrk.no/program/MSUI24006220
URL Error: https://tv.nrk.no/program/MSUI24006320
URL Error: https://tv.nrk.no/program/MSUI24006420
URL Error: https://tv.nrk.no/program/MSUI24006520
URL Error: https://tv.nrk.no/program/MSUI24006620
URL Error: https://tv.nrk.no/program/MSUI24006720
URL Error: https://tv.nrk.no/program/MSUI24006820
URL Error: https://tv.nrk.no/program/MSUI24006920
URL Error: https://tv.nrk.no/program/MSUI24007020
URL Error: https://tv.nrk.no/program/KOID35003116
URL Error: https://tv.nrk.no/program/KOID35003216
URL Error: https://tv.nrk.no/program/KOID35003316
URL Error: https://tv.nrk.no/program/KOID35003416
URL Error: https://tv.nrk.no/program/KOID35003516
URL Error: https://tv.nrk.no/program/KOID35003616
URL Error: https://tv.nrk.no/program/KOID35003716
URL Error: https://tv.nrk.no/program/KOID35003816
URL Error: https://tv.nrk.no/program/KOID35003916
URL Error: https://tv.nrk.no/program/KOID35004016
URL Error: https://tv.nrk.no/program/MSUI17007117
URL Error: https://tv.nrk.no/program/MKTF56000116
URL Error: https://tv.nrk.no/program/MKTF56000316
URL Error: https://tv.nrk.no/program/MKTF56000416
URL Error: https://tv.nrk.no/program/MKTV58000617
URL Error: https://tv.nrk.no/program/MKTV58000517
URL Error: https://tv.nrk.no/program/KOID35005716
URL Error: https://tv.nrk.no/program/KOID35005816
URL Error: https://tv.nrk.no/program/KOID35006016
URL Error: https://tv.nrk.no/program/KOID35006216
URL Error: https://tv.nrk.no/program/KOID35005916
URL Error: https://tv.nrk.no/program/KOID35006116
URL Error: https://tv.nrk.no/program/KOIF75000418
URL Error: https://tv.nrk.no/program/KOIF25008716
URL Error: https://tv.nrk.no/program/KOIF25008816
URL Error: https://tv.nrk.no/program/KOIF25008916
URL Error: https://tv.nrk.no/program/KOIF25009016
URL Error: https://tv.nrk.no/program/KOIF25009116
URL Error: https://tv.nrk.no/program/KOIF25009216
URL Error: https://tv.nrk.no/program/KOIF25009316
URL Error: https://tv.nrk.no/program/KOIF25009416
URL Error: https://tv.nrk.no/program/MKMU62015021
URL Error: https://tv.nrk.no/program/MSUI28000217
URL Error: https://tv.nrk.no/program/MSUI28001117
URL Error: https://tv.nrk.no/program/MDFP13000821
URL Error: https://tv.nrk.no/program/DKOA21000513
URL Error: https://tv.nrk.no/program/MSUI33006115
URL Error: https://tv.nrk.no/program/MSUI33006215
URL Error: https://tv.nrk.no/program/MSUI33006315
URL Error: https://tv.nrk.no/program/MSUI33006415
URL Error: https://tv.nrk.no/program/MSUI33006515
URL Error: https://tv.nrk.no/program/MSUI33006615
URL Error: https://tv.nrk.no/program/MSUI33006715
URL Error: https://tv.nrk.no/program/MSUI33006815
URL Error: https://tv.nrk.no/program/MSUI33006915
URL Error: https://tv.nrk.no/program/MSUI33007015
URL Error: https://tv.nrk.no/program/MSUI33007115
URL Error: https://tv.nrk.no/program/MSUI33007215
URL Error: https://tv.nrk.no/program/MSUI33007315
URL Error: https://tv.nrk.no/program/MSUI33007415
URL Error: https://tv.nrk.no/program/MSUI33007515
URL Error: https://tv.nrk.no/program/MSUI33007615
URL Error: https://tv.nrk.no/program/MSUI33007715
URL Error: https://tv.nrk.no/program/MSUI33007815
URL Error: https://tv.nrk.no/program/MSUI33007915
URL Error: https://tv.nrk.no/program/MSUI33008015
URL Error: https://tv.nrk.no/program/MSUI33008115
URL Error: https://tv.nrk.no/program/MSUI33008215
URL Error: https://tv.nrk.no/program/MSUI33008315
URL Error: https://tv.nrk.no/program/MSUI33008415
URL Error: https://tv.nrk.no/program/MSUI33008515
URL Error: https://tv.nrk.no/program/MSUI33008615
URL Error: https://tv.nrk.no/program/FSØR01009293
URL Error: https://tv.nrk.no/program/KOID31001621
URL Error: https://tv.nrk.no/program/KOIF10004118
URL Error: https://tv.nrk.no/program/KOIF10004218
URL Error: https://tv.nrk.no/program/KOIF10004318
URL Error: https://tv.nrk.no/program/KOIF10004418
URL Error: https://tv.nrk.no/program/FSØR00004686
URL Error: https://tv.nrk.no/program/FAKT01000692
URL Error: https://tv.nrk.no/program/FAKT01000792
URL Error: https://tv.nrk.no/program/FSØR02002394
URL Error: https://tv.nrk.no/program/MSUI19000816
URL Error: https://tv.nrk.no/program/MSUI19000916
URL Error: https://tv.nrk.no/program/MSUI19001016
URL Error: https://tv.nrk.no/program/MSUI19001816
URL Error: https://tv.nrk.no/program/MSUI19001416
URL Error: https://tv.nrk.no/program/MSUI19001516
URL Error: https://tv.nrk.no/program/MSUI19001616
URL Error: https://tv.nrk.no/program/MSUI19001716
URL Error: https://tv.nrk.no/program/MSUI19002316
URL Error: https://tv.nrk.no/program/FOLA00001872
URL Error: https://tv.nrk.no/program/FOLA00001972
URL Error: https://tv.nrk.no/program/FOLA04002072
URL Error: https://tv.nrk.no/program/FOLA02003972
URL Error: https://tv.nrk.no/program/FOLA02004072
URL Error: https://tv.nrk.no/program/FOLA03002572
URL Error: https://tv.nrk.no/program/FOLA03003172
URL Error: https://tv.nrk.no/program/FOLA03003472
URL Error: https://tv.nrk.no/program/FOLA00001373
URL Error: https://tv.nrk.no/program/FOLA00001474
URL Error: https://tv.nrk.no/program/FOLA00001574
URL Error: https://tv.nrk.no/program/FOLA02001574
URL Error: https://tv.nrk.no/program/FOLA03009074
URL Error: https://tv.nrk.no/program/FOLA03009174
URL Error: https://tv.nrk.no/program/FOLA00003775
URL Error: https://tv.nrk.no/program/FOLA00003975
URL Error: https://tv.nrk.no/program/FOLA00004275
URL Error: https://tv.nrk.no/program/FOLA00004375
URL Error: https://tv.nrk.no/program/FOLA00006275
URL Error: https://tv.nrk.no/program/FOLA00009575
URL Error: https://tv.nrk.no/program/FOLA00009775
URL Error: https://tv.nrk.no/program/FOLA00009975
URL Error: https://tv.nrk.no/program/FOLA00009875
URL Error: https://tv.nrk.no/program/MUHU30001122
URL Error: https://tv.nrk.no/program/MDNY14000621
URL Error: https://tv.nrk.no/program/SAPB66000121
URL Error: https://tv.nrk.no/program/SAPB66000221
URL Error: https://tv.nrk.no/program/SAPB66000321
URL Error: https://tv.nrk.no/program/SAPB66000421
URL Error: https://tv.nrk.no/program/SAPB66000521
URL Error: https://tv.nrk.no/program/SAPB66000621
URL Error: https://tv.nrk.no/program/SAPB66000721
URL Error: https://tv.nrk.no/program/SAPB66000821
URL Error: https://tv.nrk.no/program/KOIF25003018
URL Error: https://tv.nrk.no/program/KOIF25003118
URL Error: https://tv.nrk.no/program/KOIF25003218
URL Error: https://tv.nrk.no/program/KOIF25003318
URL Error: https://tv.nrk.no/program/KOIF25003418
URL Error: https://tv.nrk.no/program/KOIF25003518
URL Error: https://tv.nrk.no/program/MKDS60000114
URL Error: https://tv.nrk.no/program/MKDS60000214
URL Error: https://tv.nrk.no/program/MKDS60000314
URL Error: https://tv.nrk.no/program/MKDS60000414
URL Error: https://tv.nrk.no/program/MKDS60000514
URL Error: https://tv.nrk.no/program/MKDS60000614
URL Error: https://tv.nrk.no/program/MKDS60000714
URL Error: https://tv.nrk.no/program/MKDS60000814
URL Error: https://tv.nrk.no/program/MKDS60000914
URL Error: https://tv.nrk.no/program/MKDS60001014
URL Error: https://tv.nrk.no/program/KOIF60008018
URL Error: https://tv.nrk.no/program/KOIF60008118
URL Error: https://tv.nrk.no/program/KOIF60008218
URL Error: https://tv.nrk.no/program/KOIF60008318
URL Error: https://tv.nrk.no/program/KOIF60008418
URL Error: https://tv.nrk.no/program/KOIF60008518
URL Error: https://tv.nrk.no/program/KOIF60008618
URL Error: https://tv.nrk.no/program/KOIF60008718
URL Error: https://tv.nrk.no/program/KOIF60008818
URL Error: https://tv.nrk.no/program/KOIF60008918
URL Error: https://tv.nrk.no/program/KOID35006414
URL Error: https://tv.nrk.no/program/KOID35006514
URL Error: https://tv.nrk.no/program/MSUE13006020
URL Error: https://tv.nrk.no/program/MDFP17001014
URL Error: https://tv.nrk.no/program/MSUI12008118
URL Error: https://tv.nrk.no/program/MSUI12008218
URL Error: https://tv.nrk.no/program/MSUI12008318
URL Error: https://tv.nrk.no/program/MSUI12008418
URL Error: https://tv.nrk.no/program/MSUI12008518
URL Error: https://tv.nrk.no/program/MSUI12008618
URL Error: https://tv.nrk.no/program/MSUI12008718
URL Error: https://tv.nrk.no/program/MSUI12008818
URL Error: https://tv.nrk.no/program/MSUI12008918
URL Error: https://tv.nrk.no/program/MSUI12009018
URL Error: https://tv.nrk.no/program/MSUI13006118
URL Error: https://tv.nrk.no/program/MSUI13006218
URL Error: https://tv.nrk.no/program/MSUI13006318
URL Error: https://tv.nrk.no/program/MSUI13006418
URL Error: https://tv.nrk.no/program/MSUI13006518
URL Error: https://tv.nrk.no/program/MSUI13006618
URL Error: https://tv.nrk.no/program/MSUI13006718
URL Error: https://tv.nrk.no/program/MSUI13006818
URL Error: https://tv.nrk.no/program/MSUI13006918
URL Error: https://tv.nrk.no/program/MSUI13007018
URL Error: https://tv.nrk.no/program/KOID25002918
URL Error: https://tv.nrk.no/program/OBUS01001804
URL Error: https://tv.nrk.no/program/OBUS01001904
URL Error: https://tv.nrk.no/program/OBUS01002004
URL Error: https://tv.nrk.no/program/OBUS01002104
URL Error: https://tv.nrk.no/program/OBUS01002204
URL Error: https://tv.nrk.no/program/OBUS01002304
URL Error: https://tv.nrk.no/program/OBUS01002404
URL Error: https://tv.nrk.no/program/MKMU80000021
URL Error: https://tv.nrk.no/program/MSUI40001820
URL Error: https://tv.nrk.no/program/MSUI40001920
URL Error: https://tv.nrk.no/program/MSUI40002020
URL Error: https://tv.nrk.no/program/MSUI40002120
URL Error: https://tv.nrk.no/program/MSUI40002220
URL Error: https://tv.nrk.no/program/MSUI40002320
URL Error: https://tv.nrk.no/program/MSUI40002420
URL Error: https://tv.nrk.no/program/MSUS24001812
URL Error: https://tv.nrk.no/program/MSUS24001912
URL Error: https://tv.nrk.no/program/MSUS24002012
URL Error: https://tv.nrk.no/program/MSUS24002112
URL Error: https://tv.nrk.no/program/MSUS24002212
URL Error: https://tv.nrk.no/program/MSUS24002312
URL Error: https://tv.nrk.no/program/MSUS24002412
URL Error: https://tv.nrk.no/program/MUHU11002121
URL Error: https://tv.nrk.no/program/MSUI43000109
URL Error: https://tv.nrk.no/program/MSUI43000209
URL Error: https://tv.nrk.no/program/MSUI43000309
URL Error: https://tv.nrk.no/program/MSUI43000409
URL Error: https://tv.nrk.no/program/MSUI43000509
URL Error: https://tv.nrk.no/program/MSUI43000609
URL Error: https://tv.nrk.no/program/MSUI43000709
URL Error: https://tv.nrk.no/program/MSUI43000809
URL Error: https://tv.nrk.no/program/MSUI43000909
URL Error: https://tv.nrk.no/program/MSUI43001009
URL Error: https://tv.nrk.no/program/MSUI43001109
URL Error: https://tv.nrk.no/program/MSUI43001209
URL Error: https://tv.nrk.no/program/MSUI43001309
URL Error: https://tv.nrk.no/program/MSUI43001509
URL Error: https://tv.nrk.no/program/MSUI43001609
URL Error: https://tv.nrk.no/program/MSUI43001709
URL Error: https://tv.nrk.no/program/MSUI43002009
URL Error: https://tv.nrk.no/program/MSUI43001809
URL Error: https://tv.nrk.no/program/MSUI43001909
URL Error: https://tv.nrk.no/program/MSUI43001409
URL Error: https://tv.nrk.no/program/MSUI43002109
URL Error: https://tv.nrk.no/program/MSUI43002209
URL Error: https://tv.nrk.no/program/MSUI43002309
URL Error: https://tv.nrk.no/program/MSUI43002409
URL Error: https://tv.nrk.no/program/MSUI43002509
URL Error: https://tv.nrk.no/program/MSUI43002609
URL Error: https://tv.nrk.no/program/MSUI43002709
URL Error: https://tv.nrk.no/program/MSUI43002809
URL Error: https://tv.nrk.no/program/MSUI43002909
URL Error: https://tv.nrk.no/program/MSUI43003009
URL Error: https://tv.nrk.no/program/MSUI43003109
URL Error: https://tv.nrk.no/program/MSUI43003209
URL Error: https://tv.nrk.no/program/MSUI43003309
URL Error: https://tv.nrk.no/program/MSUI43003409
URL Error: https://tv.nrk.no/program/MSUI43003509
URL Error: https://tv.nrk.no/program/MSUI43003609
URL Error: https://tv.nrk.no/program/MSUI43003709
URL Error: https://tv.nrk.no/program/MSUI43003809
URL Error: https://tv.nrk.no/program/MSUI43003909
URL Error: https://tv.nrk.no/program/MSUI43004009
URL Error: https://tv.nrk.no/program/MSUI43004109
URL Error: https://tv.nrk.no/program/MSUI43004209
URL Error: https://tv.nrk.no/program/MSUI43004309
URL Error: https://tv.nrk.no/program/MSUI43004409
URL Error: https://tv.nrk.no/program/MSUI43004509
URL Error: https://tv.nrk.no/program/MSUI51006109
URL Error: https://tv.nrk.no/program/MSUI43004609
URL Error: https://tv.nrk.no/program/MSUI43004709
URL Error: https://tv.nrk.no/program/MSUI43004809
URL Error: https://tv.nrk.no/program/MSUI43004909
URL Error: https://tv.nrk.no/program/MSUI43005009
URL Error: https://tv.nrk.no/program/MSUI43005109
URL Error: https://tv.nrk.no/program/MSUI43005209
URL Error: https://tv.nrk.no/program/MSUI17000113
URL Error: https://tv.nrk.no/program/MSUI17000213
URL Error: https://tv.nrk.no/program/MSUI17000313
URL Error: https://tv.nrk.no/program/MSUI17000413
URL Error: https://tv.nrk.no/program/MSUI17000513
URL Error: https://tv.nrk.no/program/MSUI17000613
URL Error: https://tv.nrk.no/program/MSUI17000713
URL Error: https://tv.nrk.no/program/MSUI17000813
URL Error: https://tv.nrk.no/program/MSUI17000913
URL Error: https://tv.nrk.no/program/MSUI17001013
URL Error: https://tv.nrk.no/program/MSUI17001113
URL Error: https://tv.nrk.no/program/MSUI17001213
URL Error: https://tv.nrk.no/program/MSUI17001313
URL Error: https://tv.nrk.no/program/MSUI17001413
URL Error: https://tv.nrk.no/program/MSUI17001513
URL Error: https://tv.nrk.no/program/MSUI17001613
URL Error: https://tv.nrk.no/program/MSUI17001713
URL Error: https://tv.nrk.no/program/MSUI17001813
URL Error: https://tv.nrk.no/program/MSUI17001913
URL Error: https://tv.nrk.no/program/MSUI17002013
URL Error: https://tv.nrk.no/program/MSUI17002113
URL Error: https://tv.nrk.no/program/MSUI17002213
URL Error: https://tv.nrk.no/program/MSUI17002313
URL Error: https://tv.nrk.no/program/MSUI17002413
URL Error: https://tv.nrk.no/program/MSUI17002513
URL Error: https://tv.nrk.no/program/MSUI17002613
URL Error: https://tv.nrk.no/program/MSUI17002713
URL Error: https://tv.nrk.no/program/MSUI17002813
URL Error: https://tv.nrk.no/program/MSUI17002913
URL Error: https://tv.nrk.no/program/MSUI17003013
URL Error: https://tv.nrk.no/program/MSUI17003113
URL Error: https://tv.nrk.no/program/MSUI17003213
URL Error: https://tv.nrk.no/program/MSUI17003313
URL Error: https://tv.nrk.no/program/MSUI17003413
URL Error: https://tv.nrk.no/program/MSUI17003513
URL Error: https://tv.nrk.no/program/MSUI17003613
URL Error: https://tv.nrk.no/program/MSUI17003713
URL Error: https://tv.nrk.no/program/MSUI17003813
URL Error: https://tv.nrk.no/program/MSUI17003913
URL Error: https://tv.nrk.no/program/MSUI17004013
URL Error: https://tv.nrk.no/program/MSUI17004113
URL Error: https://tv.nrk.no/program/MSUI17004213
URL Error: https://tv.nrk.no/program/MSUI17004313
URL Error: https://tv.nrk.no/program/MSUI17004413
URL Error: https://tv.nrk.no/program/MSUI17004513
URL Error: https://tv.nrk.no/program/MSUI17004613
URL Error: https://tv.nrk.no/program/MSUI17004713
URL Error: https://tv.nrk.no/program/MSUI17004813
URL Error: https://tv.nrk.no/program/MSUI17004913
URL Error: https://tv.nrk.no/program/MSUI17005013
URL Error: https://tv.nrk.no/program/MSUI17005113
URL Error: https://tv.nrk.no/program/MSUI17005213
URL Error: https://tv.nrk.no/program/MSUI21000117
URL Error: https://tv.nrk.no/program/MSUI21000217
URL Error: https://tv.nrk.no/program/MSUI21000317
URL Error: https://tv.nrk.no/program/MSUI21000417
URL Error: https://tv.nrk.no/program/MSUI21000517
URL Error: https://tv.nrk.no/program/MSUI21000617
URL Error: https://tv.nrk.no/program/MSUI21000717
URL Error: https://tv.nrk.no/program/MSUI21000817
URL Error: https://tv.nrk.no/program/MSUI21000917
URL Error: https://tv.nrk.no/program/MSUI21001017
URL Error: https://tv.nrk.no/program/MSUI21001117
URL Error: https://tv.nrk.no/program/MSUI21001217
URL Error: https://tv.nrk.no/program/MSUI21001317
URL Error: https://tv.nrk.no/program/MSUI21001417
URL Error: https://tv.nrk.no/program/MSUI21001517
URL Error: https://tv.nrk.no/program/MSUI21001617
URL Error: https://tv.nrk.no/program/MSUI21001717
URL Error: https://tv.nrk.no/program/MSUI21001817
URL Error: https://tv.nrk.no/program/MSUI21001917
URL Error: https://tv.nrk.no/program/MSUI21002017
URL Error: https://tv.nrk.no/program/MSUI21002117
URL Error: https://tv.nrk.no/program/MSUI21002217
URL Error: https://tv.nrk.no/program/MSUI21002317
URL Error: https://tv.nrk.no/program/MSUI21002417
URL Error: https://tv.nrk.no/program/MSUI21002517
URL Error: https://tv.nrk.no/program/MSUI21002617
URL Error: https://tv.nrk.no/program/MSUI21002717
URL Error: https://tv.nrk.no/program/MSUI21002817
URL Error: https://tv.nrk.no/program/MSUI21002917
URL Error: https://tv.nrk.no/program/MSUI21003017
URL Error: https://tv.nrk.no/program/MSUI21003117
URL Error: https://tv.nrk.no/program/MSUI21003217
URL Error: https://tv.nrk.no/program/MSUI21003317
URL Error: https://tv.nrk.no/program/MSUI21003417
URL Error: https://tv.nrk.no/program/MSUI21003517
URL Error: https://tv.nrk.no/program/MSUI21003617
URL Error: https://tv.nrk.no/program/MSUI21003717
URL Error: https://tv.nrk.no/program/MSUI21003817
URL Error: https://tv.nrk.no/program/MSUI21003917
URL Error: https://tv.nrk.no/program/MSUI21004017
URL Error: https://tv.nrk.no/program/MSUI21004117
URL Error: https://tv.nrk.no/program/MSUI21004217
URL Error: https://tv.nrk.no/program/MSUI21004317
URL Error: https://tv.nrk.no/program/MSUI21004417
URL Error: https://tv.nrk.no/program/MSUI21004517
URL Error: https://tv.nrk.no/program/MSUI21004617
URL Error: https://tv.nrk.no/program/MSUI21004717
URL Error: https://tv.nrk.no/program/MSUI21004817
URL Error: https://tv.nrk.no/program/MSUI21004917
URL Error: https://tv.nrk.no/program/MSUI21005017
URL Error: https://tv.nrk.no/program/MSUI21005117
URL Error: https://tv.nrk.no/program/MSUI21005217
URL Error: https://tv.nrk.no/program/MSUI39000120
URL Error: https://tv.nrk.no/program/MSUI39000220
URL Error: https://tv.nrk.no/program/MSUI39000320
URL Error: https://tv.nrk.no/program/MSUI39000420
URL Error: https://tv.nrk.no/program/MSUI39000520
URL Error: https://tv.nrk.no/program/MSUI39000620
URL Error: https://tv.nrk.no/program/MSUI39000720
URL Error: https://tv.nrk.no/program/MSUI39000820
URL Error: https://tv.nrk.no/program/MSUI39000920
URL Error: https://tv.nrk.no/program/MSUI39001020
URL Error: https://tv.nrk.no/program/MSUI39001120
URL Error: https://tv.nrk.no/program/MSUI39001220
URL Error: https://tv.nrk.no/program/MSUI39001320
URL Error: https://tv.nrk.no/program/MSUI39001420
URL Error: https://tv.nrk.no/program/MSUI39001520
URL Error: https://tv.nrk.no/program/MSUI39001620
URL Error: https://tv.nrk.no/program/MSUI39001720
URL Error: https://tv.nrk.no/program/MSUI39001820
URL Error: https://tv.nrk.no/program/MSUI39001920
URL Error: https://tv.nrk.no/program/MSUI39002020
URL Error: https://tv.nrk.no/program/MSUI39002120
URL Error: https://tv.nrk.no/program/MSUI39002220
URL Error: https://tv.nrk.no/program/MSUI39002320
URL Error: https://tv.nrk.no/program/MSUI39002420
URL Error: https://tv.nrk.no/program/MSUI39002520
URL Error: https://tv.nrk.no/program/MSUI39002620
URL Error: https://tv.nrk.no/program/SAPB68005321
URL Error: https://tv.nrk.no/program/DNRR66013617
URL Error: https://tv.nrk.no/program/MSUE10008110
URL Error: https://tv.nrk.no/program/MSUE10008210
URL Error: https://tv.nrk.no/program/MSUE10008310
URL Error: https://tv.nrk.no/program/MSUE10008410
URL Error: https://tv.nrk.no/program/MSUE10008510
URL Error: https://tv.nrk.no/program/MSUE10008610
URL Error: https://tv.nrk.no/program/MSUE10008810
URL Error: https://tv.nrk.no/program/MSUE10008910
URL Error: https://tv.nrk.no/program/MSUE10009010
URL Error: https://tv.nrk.no/program/MSUE10009210
URL Error: https://tv.nrk.no/program/MSUE10009310
URL Error: https://tv.nrk.no/program/MSUE10001113
URL Error: https://tv.nrk.no/program/MSUE10001213
URL Error: https://tv.nrk.no/program/MSUE10001313
URL Error: https://tv.nrk.no/program/MSUE10001413
URL Error: https://tv.nrk.no/program/MSUE10001513
URL Error: https://tv.nrk.no/program/MSUE10001613
URL Error: https://tv.nrk.no/program/MSUE10001713
URL Error: https://tv.nrk.no/program/MSUE10001813
URL Error: https://tv.nrk.no/program/MSUE10001913
URL Error: https://tv.nrk.no/program/MSUE10002013
URL Error: https://tv.nrk.no/program/MSUE10002113
URL Error: https://tv.nrk.no/program/MSUE10002213
URL Error: https://tv.nrk.no/program/MSUE10002313
