Error with Program_href: /program/FØST70001093
Error with Program_href: /program/FØST70001093
Error with Program_href: /program/FØST70001093
Error with Program_href: /program/FØST70001093
URL Error: https://tv.nrk.no/program/FTRO00005384
Error with Program_href: /program/FØST70001093
URL Error: https://tv.nrk.no/program/FTRO00005384
URL Error: https://tv.nrk.no/program/FOLA02006885
URL Error: https://tv.nrk.no/program/FTRO16000089
Error with Program_href: /program/FØST70001193
Error with Program_href: /program/FØST70001093
URL Error: https://tv.nrk.no/program/FTRO00005384
URL Error: https://tv.nrk.no/program/FOLA02006885
URL Error: https://tv.nrk.no/program/FTRO16000089
Error with Program_href: /program/FØST70001193
Error with Program_href: /program/FØST70001093
URL Error: https://tv.nrk.no/programs/MSUB04001718
URL Error: https://tv.nrk.no/programs/MSUI28008912
URL Error: https://tv.nrk.no/programs/MSUI28009412
URL Error: https://tv.nrk.no/programs/MSUI28010012
URL Error: https://tv.nrk.no/program/KOIF40004509
Error with URL: https://psapi.nrk.no/tv/catalog/programs/FØST70000394
Error with Program_href: /program/FSØR00004085
Error with Program_href: /program/FSØR01007892
Error with Program_href: /program/FSØR02001393
Error with Program_href: /program/FSØR00009588
URL Error: https://tv.nrk.no/programs/MSUI30006518
Error with Program_href: /program/FSØR01006692
Error with Program_href: /program/FSØR01009293
Error with Program_href: /program/FSØR00004686
Error with Program_href: /program/FSØR02002394
Error with Program_href: /serie/kaptein-sabeltann-og-skatten-i-kjuttaviga
Error with URL: https://psapi.nrk.no/tv/catalog/programs/FSØR00004186
URL Error: https://tv.nrk.no/programs/DKSF43000513
URL Error: https://tv.nrk.no/programs/KOIF92000111
Error with URL: https://psapi.nrk.no/tv/catalog/programs/FSØR01002489
Error with Program_href: /program/FSØR00008588
Error with Program_href: /program/FØST70001193
Error with URL: https://psapi.nrk.no/tv/catalog/programs/NDØS44000101
Error with Program_href: /program/FSØR01005791
URL Error: https://tv.nrk.no/program/FKUN51000194
URL Error: https://tv.nrk.no/programs/OBUE92009307
URL Error: https://tv.nrk.no/programs/OBUI52007206
Error with Program_href: /program/FSØR00005586
URL Error: https://tv.nrk.no/programs/MSUI25005714
Error with Program_href: /program/FSØR01002590
Error with Program_href: /program/FSØR00005987
Error with URL: https://psapi.nrk.no/tv/catalog/programs/FSØR01007392
Error with URL: https://psapi.nrk.no/tv/catalog/programs/FSØR01007292
Error with URL: https://psapi.nrk.no/tv/catalog/programs/FSØR01007192
Error with URL: https://psapi.nrk.no/tv/catalog/programs/FSØR01007092
Error with URL: https://psapi.nrk.no/tv/catalog/programs/FSØR00007888
URL Error: https://tv.nrk.no/programs/SAPR67410314
URL Error: https://tv.nrk.no/programs/MSUS08001920
URL Error: https://tv.nrk.no/programs/MSUD08000321
URL Error: https://tv.nrk.no/program/KMTE50000612
URL Error: https://tv.nrk.no/program/FOLA00000163
Error with URL: https://psapi.nrk.no/tv/catalog/programs/FSØR01003390
Error with URL: https://psapi.nrk.no/tv/catalog/programs/FSØR00009388
URL Error: https://tv.nrk.no/programs/MSUE11007114
URL Error: https://tv.nrk.no/programs/MSPO10601013
URL Error: https://tv.nrk.no/programs/MSPO10600813
Error with Program_href: /program/FSØR01003590
URL Error: https://tv.nrk.no/programs/MUHH44000613
Error with URL: https://psapi.nrk.no/tv/catalog/programs/FSØR09002487
